Log file open, 04/09/22 21:08:54
LogWindows: Failed to load 'aqProf.dll' (GetLastError=126)
LogWindows: File 'aqProf.dll' does not exist
LogWindows: Failed to load 'VtuneApi.dll' (GetLastError=126)
LogWindows: File 'VtuneApi.dll' does not exist
LogWindows: Failed to load 'VtuneApi32e.dll' (GetLastError=126)
LogWindows: File 'VtuneApi32e.dll' does not exist
LogConsoleResponse: Display: Failed to find resolution value strings in scalability ini. Falling back to default.
LogConsoleResponse: Display: Failed to find resolution value strings in scalability ini. Falling back to default.
LogInit: Display: Running engine for game: PhillipsHouse_Team
LogPlatformFile: Not using cached read wrapper
LogTaskGraph: Started task graph with 5 named threads and 71 total threads with 3 sets of task threads.
LogStats: Stats thread started at 0.327580
LogICUInternationalization: ICU TimeZone Detection - Raw Offset: -5:00, Platform Override: ''
LogInit: Display: Loading text-based GConfig....
LogPluginManager: Mounting plugin MeshPainting
LogPluginManager: Mounting plugin XGEController
LogPluginManager: Mounting plugin MegascansPlugin
LogPluginManager: Mounting plugin Paper2D
LogPluginManager: Mounting plugin OodleData
LogPluginManager: Mounting plugin LiveLink
LogPluginManager: Mounting plugin OodleNetwork
LogPluginManager: Mounting plugin LightPropagationVolume
LogPluginManager: Mounting plugin GitSourceControl
LogPluginManager: Mounting plugin GameplayCameras
LogPluginManager: Mounting plugin EnvironmentQueryEditor
LogPluginManager: Mounting plugin AnimationSharing
LogPluginManager: Mounting plugin KDevelopSourceCodeAccess
LogPluginManager: Mounting plugin CodeLiteSourceCodeAccess
LogPluginManager: Mounting plugin CameraShakePreviewer
LogPluginManager: Mounting plugin AISupport
LogPluginManager: Mounting plugin CLionSourceCodeAccess
LogPluginManager: Mounting plugin CurveEditorTools
LogPluginManager: Mounting plugin AssetManagerEditor
LogPluginManager: Mounting plugin CryptoKeys
LogPluginManager: Mounting plugin EditorScriptingUtilities
LogPluginManager: Mounting plugin NullSourceCodeAccess
LogPluginManager: Mounting plugin PixWinPlugin
LogPluginManager: Mounting plugin DataValidation
LogPluginManager: Mounting plugin RiderSourceCodeAccess
LogPluginManager: Mounting plugin PerforceSourceControl
LogPluginManager: Mounting plugin FacialAnimation
LogPluginManager: Mounting plugin PlasticSourceControl
LogPluginManager: Mounting plugin VisualStudioSourceCodeAccess
LogPluginManager: Mounting plugin SubversionSourceControl
LogPluginManager: Mounting plugin PluginUtils
LogPluginManager: Mounting plugin VisualStudioCodeSourceCodeAccess
LogPluginManager: Mounting plugin UObjectPlugin
LogPluginManager: Mounting plugin PropertyAccessNode
LogPluginManager: Mounting plugin TextureFormatOodle
LogPluginManager: Mounting plugin GLTFImporter
LogPluginManager: Mounting plugin GameplayTagsEditor
LogPluginManager: Mounting plugin GeometryMode
LogPluginManager: Mounting plugin XCodeSourceCodeAccess
LogPluginManager: Mounting plugin MacGraphicsSwitching
LogPluginManager: Mounting plugin MeshEditor
LogPluginManager: Mounting plugin SpeedTreeImporter
LogPluginManager: Mounting plugin MaterialAnalyzer
LogPluginManager: Mounting plugin PluginBrowser
LogPluginManager: Mounting plugin MobileLauncherProfileWizard
LogPluginManager: Mounting plugin AlembicImporter
LogPluginManager: Mounting plugin AutomationUtils
LogPluginManager: Mounting plugin BackChannel
LogPluginManager: Mounting plugin ChaosEditor
LogPluginManager: Mounting plugin BlastPlugin
LogPluginManager: Mounting plugin ChaosClothEditor
LogPluginManager: Mounting plugin ChaosSolverPlugin
LogPluginManager: Mounting plugin ChaosCloth
LogPluginManager: Mounting plugin ChaosNiagara
LogPluginManager: Mounting plugin CharacterAI
LogPluginManager: Mounting plugin GeometryCache
LogPluginManager: Mounting plugin GeometryCollectionPlugin
LogPluginManager: Mounting plugin GeometryProcessing
LogPluginManager: Mounting plugin MotoSynth
LogPluginManager: Mounting plugin OpenImageDenoise
LogPluginManager: Mounting plugin Niagara
LogPluginManager: Mounting plugin PlatformCrypto
LogPluginManager: Mounting plugin PlanarCut
LogPluginManager: Mounting plugin PythonScriptPlugin
LogPluginManager: Mounting plugin ProxyLODPlugin
LogPluginManager: Mounting plugin NiagaraExtras
LogPluginManager: Mounting plugin DataprepEditor
LogPluginManager: Mounting plugin DatasmithC4DImporter
LogPluginManager: Mounting plugin DatasmithCADImporter
LogPluginManager: Mounting plugin SkeletalReduction
LogPluginManager: Mounting plugin DatasmithGLTFImporter
LogPluginManager: Mounting plugin DatasmithFBXImporter
LogPluginManager: Mounting plugin DatasmithContent
LogPluginManager: Mounting plugin TwinmotionToUnrealContent
LogPluginManager: Mounting plugin DatasmithImporter
LogPluginManager: Mounting plugin DatasmithIFCImporter
LogPluginManager: Mounting plugin UdpMessaging
LogPluginManager: Mounting plugin TcpMessaging
LogPluginManager: Mounting plugin VariantManagerContent
LogPluginManager: Mounting plugin TwinmotionToUnreal
LogPluginManager: Mounting plugin VariantManager
LogPluginManager: Mounting plugin LuminPlatformFeatures
LogPluginManager: Mounting plugin StaticMeshEditorExtension
LogPluginManager: Mounting plugin MagicLeap
LogPluginManager: Mounting plugin ActorSequence
LogPluginManager: Mounting plugin LevelSequenceEditor
LogPluginManager: Mounting plugin TemplateSequence
LogPluginManager: Mounting plugin MatineeToLevelSequence
LogPluginManager: Mounting plugin MagicLeapLightEstimation
LogPluginManager: Mounting plugin MagicLeapMedia
LogPluginManager: Mounting plugin MLSDK
LogPluginManager: Mounting plugin MagicLeapPassableWorld
LogPluginManager: Mounting plugin AndroidMedia
LogPluginManager: Mounting plugin AvfMedia
LogPluginManager: Mounting plugin ActorLayerUtilities
LogPluginManager: Mounting plugin ImgMedia
LogPluginManager: Mounting plugin MediaPlayerEditor
LogPluginManager: Mounting plugin WmfMedia
LogPluginManager: Mounting plugin WebMMedia
LogPluginManager: Mounting plugin MediaCompositing
LogPluginManager: Mounting plugin AndroidDeviceProfileSelector
LogPluginManager: Mounting plugin AndroidMoviePlayer
LogPluginManager: Mounting plugin AndroidPermission
LogPluginManager: Mounting plugin AppleImageUtils
LogPluginManager: Mounting plugin AppleMoviePlayer
LogPluginManager: Mounting plugin AssetTags
LogPluginManager: Mounting plugin AudioCapture
LogPluginManager: Mounting plugin AudioSynesthesia
LogPluginManager: Mounting plugin ArchVisCharacter
LogPluginManager: Mounting plugin CustomMeshComponent
LogPluginManager: Mounting plugin EditableMesh
LogPluginManager: Mounting plugin CableComponent
LogPluginManager: Mounting plugin ChunkDownloader
LogPluginManager: Mounting plugin GoogleCloudMessaging
LogPluginManager: Mounting plugin ExampleDeviceProfileSelector
LogPluginManager: Mounting plugin GooglePAD
LogPluginManager: Mounting plugin IOSDeviceProfileSelector
LogPluginManager: Mounting plugin LinuxDeviceProfileSelector
LogPluginManager: Mounting plugin LocationServicesBPLibrary
LogPluginManager: Mounting plugin MobilePatchingUtils
LogPluginManager: Mounting plugin OpenXRHandTracking
LogPluginManager: Mounting plugin OpenXR
LogPluginManager: Mounting plugin OpenXREyeTracker
LogPluginManager: Mounting plugin PostSplashScreen
LogPluginManager: Mounting plugin PropertyAccessEditor
LogPluginManager: Mounting plugin PhysXVehicles
LogPluginManager: Mounting plugin ResonanceAudio
LogPluginManager: Mounting plugin ProceduralMeshComponent
LogPluginManager: Mounting plugin RuntimePhysXCooking
LogPluginManager: Mounting plugin SignificanceManager
LogPluginManager: Mounting plugin SoundFields
LogPluginManager: Mounting plugin Synthesis
LogPluginManager: Mounting plugin LauncherChunkInstaller
LogPluginManager: Mounting plugin WebMMoviePlayer
LogPluginManager: Mounting plugin WindowsMoviePlayer
LogPluginManager: Mounting plugin ScreenshotTools
LogPluginManager: Mounting plugin Takes
LogPluginManager: Mounting plugin OnlineSubsystem
LogPluginManager: Mounting plugin OnlineSubsystemNull
LogPluginManager: Mounting plugin OnlineSubsystemUtils
LogPluginManager: Mounting plugin ContentBrowserClassDataSource
LogPluginManager: Mounting plugin ContentBrowserFileDataSource
LogPluginManager: Mounting plugin ContentBrowserAssetDataSource
LogPluginManager: Mounting plugin SQLiteSupport
LogPluginManager: Mounting plugin SQLiteCore
LogPluginManager: Mounting plugin DatabaseSupport
LogPluginManager: Mounting plugin OculusVR
LogPluginManager: Mounting plugin OculusOpenXR
LogPluginManager: Mounting plugin OnlineSubsystemGooglePlay
LogPluginManager: Mounting plugin OnlineSubsystemIOS
PixWinPlugin: PIX capture plugin failed to initialize! Check that the process is launched from PIX.
LogInit: Using libcurl 7.55.1-DEV
LogInit:  - built for x86_64-pc-win32
LogInit:  - supports SSL with OpenSSL/1.1.1
LogInit:  - supports HTTP deflate (compression) using libz 1.2.8
LogInit:  - other features:
LogInit:      CURL_VERSION_SSL
LogInit:      CURL_VERSION_LIBZ
LogInit:      CURL_VERSION_IPV6
LogInit:      CURL_VERSION_ASYNCHDNS
LogInit:      CURL_VERSION_LARGEFILE
LogInit:      CURL_VERSION_IDN
LogInit:  CurlRequestOptions (configurable via config and command line):
LogInit:  - bVerifyPeer = true  - Libcurl will verify peer certificate
LogInit:  - bUseHttpProxy = false  - Libcurl will NOT use HTTP proxy
LogInit:  - bDontReuseConnections = false  - Libcurl will reuse connections
LogInit:  - MaxHostConnections = 16  - Libcurl will limit the number of connections to a host
LogInit:  - LocalHostAddr = Default
LogInit:  - BufferSize = 65536
LogOnline: OSS: Creating online subsystem instance for: NULL
LogInit: WinSock: version 1.1 (2.2), MaxSocks=32767, MaxUdp=65467
LogOnline: OSS: TryLoadSubsystemAndSetDefault: Loaded subsystem for module [NULL]
LogOculusPluginWrapper: OculusPlugin initialized successfully
LogHMD: Failed initializing OVRPlugin 1.59.0
LogInit: Build: ++UE4+Release-4.27-CL-18319896
LogInit: Engine Version: 4.27.2-18319896+++UE4+Release-4.27
LogInit: Compatible Engine Version: 4.27.0-17155196+++UE4+Release-4.27
LogInit: Net CL: 17155196
LogInit: OS: Windows 10 (Release 2009) (), CPU: Intel(R) Core(TM) i9-10920X CPU @ 3.50GHz, GPU: NVIDIA Quadro RTX 4000
LogInit: Compiled (64-bit): Nov 30 2021 07:12:08
LogInit: Compiled with Visual C++: 19.24.28315.00
LogInit: Build Configuration: Development
LogInit: Branch Name: ++UE4+Release-4.27
LogInit: Command Line: 
LogInit: Base Directory: D:/Program Files/Epic Games/UE_4.27/Engine/Binaries/Win64/
LogInit: Allocator: TBB
LogInit: Installed Engine Build: 1
LogDevObjectVersion: Number of dev versions registered: 29
LogDevObjectVersion:   Dev-Blueprints (B0D832E4-1F89-4F0D-ACCF-7EB736FD4AA2): 10
LogDevObjectVersion:   Dev-Build (E1C64328-A22C-4D53-A36C-8E866417BD8C): 0
LogDevObjectVersion:   Dev-Core (375EC13C-06E4-48FB-B500-84F0262A717E): 4
LogDevObjectVersion:   Dev-Editor (E4B068ED-F494-42E9-A231-DA0B2E46BB41): 40
LogDevObjectVersion:   Dev-Framework (CFFC743F-43B0-4480-9391-14DF171D2073): 37
LogDevObjectVersion:   Dev-Mobile (B02B49B5-BB20-44E9-A304-32B752E40360): 3
LogDevObjectVersion:   Dev-Networking (A4E4105C-59A1-49B5-A7C5-40C4547EDFEE): 0
LogDevObjectVersion:   Dev-Online (39C831C9-5AE6-47DC-9A44-9C173E1C8E7C): 0
LogDevObjectVersion:   Dev-Physics (78F01B33-EBEA-4F98-B9B4-84EACCB95AA2): 14
LogDevObjectVersion:   Dev-Platform (6631380F-2D4D-43E0-8009-CF276956A95A): 0
LogDevObjectVersion:   Dev-Rendering (12F88B9F-8875-4AFC-A67C-D90C383ABD29): 45
LogDevObjectVersion:   Dev-Sequencer (7B5AE74C-D270-4C10-A958-57980B212A5A): 13
LogDevObjectVersion:   Dev-VR (D7296918-1DD6-4BDD-9DE2-64A83CC13884): 3
LogDevObjectVersion:   Dev-LoadTimes (C2A15278-BFE7-4AFE-6C17-90FF531DF755): 1
LogDevObjectVersion:   Private-Geometry (6EACA3D4-40EC-4CC1-B786-8BED09428FC5): 3
LogDevObjectVersion:   Dev-AnimPhys (29E575DD-E0A3-4627-9D10-D276232CDCEA): 17
LogDevObjectVersion:   Dev-Anim (AF43A65D-7FD3-4947-9873-3E8ED9C1BB05): 15
LogDevObjectVersion:   Dev-ReflectionCapture (6B266CEC-1EC7-4B8F-A30B-E4D90942FC07): 1
LogDevObjectVersion:   Dev-Automation (0DF73D61-A23F-47EA-B727-89E90C41499A): 1
LogDevObjectVersion:   FortniteMain (601D1886-AC64-4F84-AA16-D3DE0DEAC7D6): 47
LogDevObjectVersion:   FortniteRelease (E7086368-6B23-4C58-8439-1B7016265E91): 1
LogDevObjectVersion:   Dev-Enterprise (9DFFBCD6-494F-0158-E221-12823C92A888): 10
LogDevObjectVersion:   Dev-Niagara (F2AED0AC-9AFE-416F-8664-AA7FFA26D6FC): 1
LogDevObjectVersion:   Dev-Destruction (174F1F0B-B4C6-45A5-B13F-2EE8D0FB917D): 10
LogDevObjectVersion:   Dev-Physics-Ext (35F94A83-E258-406C-A318-09F59610247C): 41
LogDevObjectVersion:   Dev-PhysicsMaterial-Chaos (B68FC16E-8B1B-42E2-B453-215C058844FE): 1
LogDevObjectVersion:   Dev-CineCamera (B2E18506-4273-CFC2-A54E-F4BB758BBA07): 1
LogDevObjectVersion:   Dev-VirtualProduction (64F58936-FD1B-42BA-BA96-7289D5D0FA4E): 1
LogDevObjectVersion:   Dev-MediaFramework (6F0ED827-A609-4895-9C91-998D90180EA4): 2
LogInit: Presizing for max 25165824 objects, including 0 objects not considered by GC, pre-allocating 0 bytes for permanent pool.
LogConfig: Applying CVar settings from Section [/Script/Engine.StreamingSettings] File [C:/Users/joannehw/Desktop/arch_509_AT_projs/PhillipsHouse_Team/Saved/Config/Windows/Engine.ini]
LogConfig: Setting CVar [[s.MinBulkDataSizeForAsyncLoading:131072]]
LogConfig: Setting CVar [[s.AsyncLoadingThreadEnabled:0]]
LogConfig: Setting CVar [[s.EventDrivenLoaderEnabled:1]]
LogConfig: Setting CVar [[s.WarnIfTimeLimitExceeded:0]]
LogConfig: Setting CVar [[s.TimeLimitExceededMultiplier:1.5]]
LogConfig: Setting CVar [[s.TimeLimitExceededMinTime:0.005]]
LogConfig: Setting CVar [[s.UseBackgroundLevelStreaming:1]]
LogConfig: Setting CVar [[s.PriorityAsyncLoadingExtraTime:15.0]]
LogConfig: Setting CVar [[s.LevelStreamingActorsUpdateTimeLimit:5.0]]
LogConfig: Setting CVar [[s.PriorityLevelStreamingActorsUpdateExtraTime:5.0]]
LogConfig: Setting CVar [[s.LevelStreamingComponentsRegistrationGranularity:10]]
LogConfig: Setting CVar [[s.UnregisterComponentsTimeLimit:1.0]]
LogConfig: Setting CVar [[s.LevelStreamingComponentsUnregistrationGranularity:5]]
LogConfig: Setting CVar [[s.FlushStreamingOnExit:1]]
LogInit: Object subsystem initialized
LogConfig: Setting CVar [[con.DebugEarlyDefault:1]]
LogConfig: Setting CVar [[r.setres:1280x720]]
[2022.04.10-01.08.55:923][  0]LogConfig: Setting CVar [[r.VSync:0]]
[2022.04.10-01.08.55:923][  0]LogConfig: Setting CVar [[r.RHICmdBypass:0]]
[2022.04.10-01.08.55:923][  0]LogConfig: Applying CVar settings from Section [/Script/Engine.RendererSettings] File [C:/Users/joannehw/Desktop/arch_509_AT_projs/PhillipsHouse_Team/Saved/Config/Windows/Engine.ini]
[2022.04.10-01.08.55:923][  0]LogConfig: Setting CVar [[r.GPUCrashDebugging:0]]
[2022.04.10-01.08.55:923][  0]LogConfig: Setting CVar [[r.Mobile.DisableVertexFog:1]]
[2022.04.10-01.08.55:923][  0]LogConfig: Setting CVar [[r.Shadow.CSM.MaxMobileCascades:2]]
[2022.04.10-01.08.55:923][  0]LogConfig: Setting CVar [[r.MobileMSAA:4]]
[2022.04.10-01.08.55:923][  0]LogConfig: Setting CVar [[r.Mobile.AllowDitheredLODTransition:0]]
[2022.04.10-01.08.55:923][  0]LogConfig: Setting CVar [[r.Mobile.AllowSoftwareOcclusion:0]]
[2022.04.10-01.08.55:923][  0]LogConfig: Setting CVar [[r.Mobile.VirtualTextures:0]]
[2022.04.10-01.08.55:924][  0]LogConfig: Setting CVar [[r.DiscardUnusedQuality:0]]
[2022.04.10-01.08.55:924][  0]LogConfig: Setting CVar [[r.AllowOcclusionQueries:1]]
[2022.04.10-01.08.55:924][  0]LogConfig: Setting CVar [[r.MinScreenRadiusForLights:0.030000]]
[2022.04.10-01.08.55:924][  0]LogConfig: Setting CVar [[r.MinScreenRadiusForDepthPrepass:0.030000]]
[2022.04.10-01.08.55:924][  0]LogConfig: Setting CVar [[r.MinScreenRadiusForCSMDepth:0.010000]]
[2022.04.10-01.08.55:924][  0]LogConfig: Setting CVar [[r.PrecomputedVisibilityWarning:0]]
[2022.04.10-01.08.55:924][  0]LogConfig: Setting CVar [[r.TextureStreaming:1]]
[2022.04.10-01.08.55:924][  0]LogConfig: Setting CVar [[Compat.UseDXT5NormalMaps:0]]
[2022.04.10-01.08.55:924][  0]LogConfig: Setting CVar [[r.VirtualTextures:0]]
[2022.04.10-01.08.55:924][  0]LogConfig: Setting CVar [[r.VirtualTexturedLightmaps:0]]
[2022.04.10-01.08.55:924][  0]LogConfig: Setting CVar [[r.VT.TileSize:128]]
[2022.04.10-01.08.55:924][  0]LogConfig: Setting CVar [[r.VT.TileBorderSize:4]]
[2022.04.10-01.08.55:924][  0]LogConfig: Setting CVar [[r.vt.FeedbackFactor:16]]
[2022.04.10-01.08.55:924][  0]LogConfig: Setting CVar [[r.VT.EnableCompressZlib:1]]
[2022.04.10-01.08.55:924][  0]LogConfig: Setting CVar [[r.VT.EnableCompressCrunch:0]]
[2022.04.10-01.08.55:924][  0]LogConfig: Setting CVar [[r.ClearCoatNormal:0]]
[2022.04.10-01.08.55:924][  0]LogConfig: Setting CVar [[r.ReflectionCaptureResolution:128]]
[2022.04.10-01.08.55:924][  0]LogConfig: Setting CVar [[r.Mobile.ReflectionCaptureCompression:0]]
[2022.04.10-01.08.55:924][  0]LogConfig: Setting CVar [[r.ReflectionEnvironmentLightmapMixBasedOnRoughness:1]]
[2022.04.10-01.08.55:924][  0]LogConfig: Setting CVar [[r.ForwardShading:1]]
[2022.04.10-01.08.55:924][  0]LogConfig: Setting CVar [[r.VertexFoggingForOpaque:1]]
[2022.04.10-01.08.55:924][  0]LogConfig: Setting CVar [[r.AllowStaticLighting:1]]
[2022.04.10-01.08.55:925][  0]LogConfig: Setting CVar [[r.NormalMapsForStaticLighting:0]]
[2022.04.10-01.08.55:925][  0]LogConfig: Setting CVar [[r.GenerateMeshDistanceFields:0]]
[2022.04.10-01.08.55:925][  0]LogConfig: Setting CVar [[r.DistanceFieldBuild.EightBit:0]]
[2022.04.10-01.08.55:925][  0]LogConfig: Setting CVar [[r.GenerateLandscapeGIData:0]]
[2022.04.10-01.08.55:925][  0]LogConfig: Setting CVar [[r.DistanceFieldBuild.Compress:0]]
[2022.04.10-01.08.55:925][  0]LogConfig: Setting CVar [[r.TessellationAdaptivePixelsPerTriangle:48.000000]]
[2022.04.10-01.08.55:925][  0]LogConfig: Setting CVar [[r.SeparateTranslucency:0]]
[2022.04.10-01.08.55:925][  0]LogConfig: Setting CVar [[r.TranslucentSortPolicy:0]]
[2022.04.10-01.08.55:925][  0]LogConfig: Setting CVar [[r.CustomDepth:1]]
[2022.04.10-01.08.55:925][  0]LogConfig: Setting CVar [[r.CustomDepthTemporalAAJitter:1]]
[2022.04.10-01.08.55:925][  0]LogConfig: Setting CVar [[r.PostProcessing.PropagateAlpha:0]]
[2022.04.10-01.08.55:925][  0]LogConfig: Setting CVar [[r.DefaultFeature.Bloom:0]]
[2022.04.10-01.08.55:925][  0]LogConfig: Setting CVar [[r.DefaultFeature.AmbientOcclusion:0]]
[2022.04.10-01.08.55:925][  0]LogConfig: Setting CVar [[r.DefaultFeature.AmbientOcclusionStaticFraction:1]]
[2022.04.10-01.08.55:925][  0]LogConfig: Setting CVar [[r.DefaultFeature.AutoExposure:0]]
[2022.04.10-01.08.55:925][  0]LogConfig: Setting CVar [[r.DefaultFeature.AutoExposure.Method:0]]
[2022.04.10-01.08.55:925][  0]LogConfig: Setting CVar [[r.DefaultFeature.AutoExposure.Bias:1.000000]]
[2022.04.10-01.08.55:925][  0]LogConfig: Setting CVar [[r.DefaultFeature.AutoExposure.ExtendDefaultLuminanceRange:1]]
[2022.04.10-01.08.55:925][  0]LogConfig: Setting CVar [[r.UsePreExposure:1]]
[2022.04.10-01.08.55:925][  0]LogConfig: Setting CVar [[r.EyeAdaptation.EditorOnly:0]]
[2022.04.10-01.08.55:925][  0]LogConfig: Setting CVar [[r.DefaultFeature.MotionBlur:0]]
[2022.04.10-01.08.55:925][  0]LogConfig: Setting CVar [[r.DefaultFeature.LensFlare:0]]
[2022.04.10-01.08.55:925][  0]LogConfig: Setting CVar [[r.TemporalAA.Upsampling:0]]
[2022.04.10-01.08.55:925][  0]LogConfig: Setting CVar [[r.SSGI.Enable:0]]
[2022.04.10-01.08.55:925][  0]LogConfig: Setting CVar [[r.DefaultFeature.AntiAliasing:3]]
[2022.04.10-01.08.55:925][  0]LogConfig: Setting CVar [[r.DefaultFeature.LightUnits:1]]
[2022.04.10-01.08.55:925][  0]LogConfig: Setting CVar [[r.DefaultBackBufferPixelFormat:4]]
[2022.04.10-01.08.55:925][  0]LogConfig: Setting CVar [[r.Shadow.UnbuiltPreviewInGame:1]]
[2022.04.10-01.08.55:925][  0]LogConfig: Setting CVar [[r.StencilForLODDither:0]]
[2022.04.10-01.08.55:925][  0]LogConfig: Setting CVar [[r.EarlyZPass:3]]
[2022.04.10-01.08.55:926][  0]LogConfig: Setting CVar [[r.EarlyZPassOnlyMaterialMasking:0]]
[2022.04.10-01.08.55:926][  0]LogConfig: Setting CVar [[r.DBuffer:1]]
[2022.04.10-01.08.55:926][  0]LogConfig: Setting CVar [[r.ClearSceneMethod:1]]
[2022.04.10-01.08.55:926][  0]LogConfig: Setting CVar [[r.BasePassOutputsVelocity:0]]
[2022.04.10-01.08.55:926][  0]LogConfig: Setting CVar [[r.VertexDeformationOutputsVelocity:0]]
[2022.04.10-01.08.55:926][  0]LogConfig: Setting CVar [[r.SelectiveBasePassOutputs:0]]
[2022.04.10-01.08.55:926][  0]LogConfig: Setting CVar [[fx.GPUSimulationTextureSizeX:1024]]
[2022.04.10-01.08.55:926][  0]LogConfig: Setting CVar [[fx.GPUSimulationTextureSizeY:1024]]
[2022.04.10-01.08.55:926][  0]LogConfig: Setting CVar [[r.AllowGlobalClipPlane:0]]
[2022.04.10-01.08.55:926][  0]LogConfig: Setting CVar [[r.GBufferFormat:1]]
[2022.04.10-01.08.55:926][  0]LogConfig: Setting CVar [[r.MorphTarget.Mode:1]]
[2022.04.10-01.08.55:926][  0]LogConfig: Setting CVar [[vr.InstancedStereo:1]]
[2022.04.10-01.08.55:926][  0]LogConfig: Setting CVar [[r.MobileHDR:0]]
[2022.04.10-01.08.55:926][  0]LogConfig: Setting CVar [[vr.MobileMultiView:1]]
[2022.04.10-01.08.55:926][  0]LogConfig: Setting CVar [[r.Mobile.UseHWsRGBEncoding:1]]
[2022.04.10-01.08.55:926][  0]LogConfig: Setting CVar [[vr.RoundRobinOcclusion:0]]
[2022.04.10-01.08.55:926][  0]LogConfig: Setting CVar [[vr.ODSCapture:0]]
[2022.04.10-01.08.55:926][  0]LogConfig: Setting CVar [[r.MeshStreaming:0]]
[2022.04.10-01.08.55:926][  0]LogConfig: Setting CVar [[r.WireframeCullThreshold:5.000000]]
[2022.04.10-01.08.55:926][  0]LogConfig: Setting CVar [[r.RayTracing:0]]
[2022.04.10-01.08.55:926][  0]LogConfig: Setting CVar [[r.RayTracing.UseTextureLod:0]]
[2022.04.10-01.08.55:926][  0]LogConfig: Setting CVar [[r.SupportStationarySkylight:1]]
[2022.04.10-01.08.55:926][  0]LogConfig: Setting CVar [[r.SupportLowQualityLightmaps:1]]
[2022.04.10-01.08.55:926][  0]LogConfig: Setting CVar [[r.SupportPointLightWholeSceneShadows:1]]
[2022.04.10-01.08.55:926][  0]LogConfig: Setting CVar [[r.SupportAtmosphericFog:1]]
[2022.04.10-01.08.55:926][  0]LogConfig: Setting CVar [[r.SupportSkyAtmosphere:1]]
[2022.04.10-01.08.55:926][  0]LogConfig: Setting CVar [[r.SupportSkyAtmosphereAffectsHeightFog:0]]
[2022.04.10-01.08.55:926][  0]LogConfig: Setting CVar [[r.SkinCache.CompileShaders:0]]
[2022.04.10-01.08.55:926][  0]LogConfig: Setting CVar [[r.SkinCache.DefaultBehavior:1]]
[2022.04.10-01.08.55:926][  0]LogConfig: Setting CVar [[r.SkinCache.SceneMemoryLimitInMB:128.000000]]
[2022.04.10-01.08.55:926][  0]LogConfig: Setting CVar [[r.Mobile.EnableStaticAndCSMShadowReceivers:1]]
[2022.04.10-01.08.55:926][  0]LogConfig: Setting CVar [[r.Mobile.EnableMovableLightCSMShaderCulling:1]]
[2022.04.10-01.08.55:926][  0]LogConfig: Setting CVar [[r.Mobile.AllowDistanceFieldShadows:1]]
[2022.04.10-01.08.55:926][  0]LogConfig: Setting CVar [[r.Mobile.AllowMovableDirectionalLights:1]]
[2022.04.10-01.08.55:926][  0]LogConfig: Setting CVar [[r.MobileNumDynamicPointLights:4]]
[2022.04.10-01.08.55:926][  0]LogConfig: Setting CVar [[r.MobileDynamicPointLightsUseStaticBranch:1]]
[2022.04.10-01.08.55:926][  0]LogConfig: Setting CVar [[r.Mobile.EnableMovableSpotlights:0]]
[2022.04.10-01.08.55:926][  0]LogConfig: Setting CVar [[r.Mobile.EnableMovableSpotlightsShadow:0]]
[2022.04.10-01.08.55:926][  0]LogConfig: Setting CVar [[r.GPUSkin.Support16BitBoneIndex:0]]
[2022.04.10-01.08.55:926][  0]LogConfig: Setting CVar [[r.GPUSkin.Limit2BoneInfluences:0]]
[2022.04.10-01.08.55:927][  0]LogConfig: Setting CVar [[r.SupportDepthOnlyIndexBuffers:1]]
[2022.04.10-01.08.55:927][  0]LogConfig: Setting CVar [[r.SupportReversedIndexBuffers:1]]
[2022.04.10-01.08.55:927][  0]LogConfig: Setting CVar [[r.LightPropagationVolume:0]]
[2022.04.10-01.08.55:927][  0]LogConfig: Setting CVar [[r.Mobile.AmbientOcclusion:0]]
[2022.04.10-01.08.55:927][  0]LogConfig: Setting CVar [[r.GPUSkin.UnlimitedBoneInfluences:0]]
[2022.04.10-01.08.55:927][  0]LogConfig: Setting CVar [[r.GPUSkin.UnlimitedBoneInfluencesThreshold:8]]
[2022.04.10-01.08.55:927][  0]LogConfig: Setting CVar [[r.Mobile.PlanarReflectionMode:0]]
[2022.04.10-01.08.55:927][  0]LogConfig: Setting CVar [[r.Mobile.SupportGPUScene:1]]
[2022.04.10-01.08.55:927][  0]LogConfig: Applying CVar settings from Section [/Script/Engine.RendererOverrideSettings] File [C:/Users/joannehw/Desktop/arch_509_AT_projs/PhillipsHouse_Team/Saved/Config/Windows/Engine.ini]
[2022.04.10-01.08.55:927][  0]LogConfig: Applying CVar settings from Section [/Script/Engine.StreamingSettings] File [C:/Users/joannehw/Desktop/arch_509_AT_projs/PhillipsHouse_Team/Saved/Config/Windows/Engine.ini]
[2022.04.10-01.08.55:927][  0]LogConfig: Setting CVar [[s.MinBulkDataSizeForAsyncLoading:131072]]
[2022.04.10-01.08.55:927][  0]LogConfig: Setting CVar [[s.AsyncLoadingThreadEnabled:0]]
[2022.04.10-01.08.55:927][  0]LogConfig: Setting CVar [[s.EventDrivenLoaderEnabled:1]]
[2022.04.10-01.08.55:927][  0]LogConfig: Setting CVar [[s.WarnIfTimeLimitExceeded:0]]
[2022.04.10-01.08.55:927][  0]LogConfig: Setting CVar [[s.TimeLimitExceededMultiplier:1.5]]
[2022.04.10-01.08.55:927][  0]LogConfig: Setting CVar [[s.TimeLimitExceededMinTime:0.005]]
[2022.04.10-01.08.55:927][  0]LogConfig: Setting CVar [[s.UseBackgroundLevelStreaming:1]]
[2022.04.10-01.08.55:927][  0]LogConfig: Setting CVar [[s.PriorityAsyncLoadingExtraTime:15.0]]
[2022.04.10-01.08.55:928][  0]LogConfig: Setting CVar [[s.LevelStreamingActorsUpdateTimeLimit:5.0]]
[2022.04.10-01.08.55:928][  0]LogConfig: Setting CVar [[s.PriorityLevelStreamingActorsUpdateExtraTime:5.0]]
[2022.04.10-01.08.55:928][  0]LogConfig: Setting CVar [[s.LevelStreamingComponentsRegistrationGranularity:10]]
[2022.04.10-01.08.55:928][  0]LogConfig: Setting CVar [[s.UnregisterComponentsTimeLimit:1.0]]
[2022.04.10-01.08.55:928][  0]LogConfig: Setting CVar [[s.LevelStreamingComponentsUnregistrationGranularity:5]]
[2022.04.10-01.08.55:928][  0]LogConfig: Setting CVar [[s.FlushStreamingOnExit:1]]
[2022.04.10-01.08.55:928][  0]LogConfig: Applying CVar settings from Section [/Script/Engine.GarbageCollectionSettings] File [C:/Users/joannehw/Desktop/arch_509_AT_projs/PhillipsHouse_Team/Saved/Config/Windows/Engine.ini]
[2022.04.10-01.08.55:928][  0]LogConfig: Setting CVar [[gc.MaxObjectsNotConsideredByGC:1]]
[2022.04.10-01.08.55:928][  0]LogConfig: Setting CVar [[gc.SizeOfPermanentObjectPool:0]]
[2022.04.10-01.08.55:928][  0]LogConfig: Setting CVar [[gc.FlushStreamingOnGC:0]]
[2022.04.10-01.08.55:928][  0]LogConfig: Setting CVar [[gc.NumRetriesBeforeForcingGC:10]]
[2022.04.10-01.08.55:928][  0]LogConfig: Setting CVar [[gc.AllowParallelGC:1]]
[2022.04.10-01.08.55:928][  0]LogConfig: Setting CVar [[gc.TimeBetweenPurgingPendingKillObjects:61.1]]
[2022.04.10-01.08.55:928][  0]LogConfig: Setting CVar [[gc.MaxObjectsInEditor:25165824]]
[2022.04.10-01.08.55:928][  0]LogConfig: Setting CVar [[gc.IncrementalBeginDestroyEnabled:1]]
[2022.04.10-01.08.55:928][  0]LogConfig: Setting CVar [[gc.CreateGCClusters:1]]
[2022.04.10-01.08.55:928][  0]LogConfig: Setting CVar [[gc.MinGCClusterSize:5]]
[2022.04.10-01.08.55:928][  0]LogConfig: Setting CVar [[gc.ActorClusteringEnabled:0]]
[2022.04.10-01.08.55:928][  0]LogConfig: Setting CVar [[gc.BlueprintClusteringEnabled:0]]
[2022.04.10-01.08.55:928][  0]LogConfig: Setting CVar [[gc.UseDisregardForGCOnDedicatedServers:0]]
[2022.04.10-01.08.55:928][  0]LogConfig: Setting CVar [[gc.MultithreadedDestructionEnabled:1]]
[2022.04.10-01.08.55:928][  0]LogConfig: Applying CVar settings from Section [/Script/Engine.NetworkSettings] File [C:/Users/joannehw/Desktop/arch_509_AT_projs/PhillipsHouse_Team/Saved/Config/Windows/Engine.ini]
[2022.04.10-01.08.55:928][  0]LogConfig: Applying CVar settings from Section [/Script/UnrealEd.CookerSettings] File [C:/Users/joannehw/Desktop/arch_509_AT_projs/PhillipsHouse_Team/Saved/Config/Windows/Engine.ini]
[2022.04.10-01.08.55:936][  0]LogConfig: Applying CVar settings from Section [ViewDistanceQuality@3] File [C:/Users/joannehw/Desktop/arch_509_AT_projs/PhillipsHouse_Team/Saved/Config/Windows/Scalability.ini]
[2022.04.10-01.08.55:936][  0]LogConfig: Setting CVar [[r.SkeletalMeshLODBias:0]]
[2022.04.10-01.08.55:936][  0]LogConfig: Setting CVar [[r.ViewDistanceScale:1.0]]
[2022.04.10-01.08.55:936][  0]LogConfig: Applying CVar settings from Section [AntiAliasingQuality@3] File [C:/Users/joannehw/Desktop/arch_509_AT_projs/PhillipsHouse_Team/Saved/Config/Windows/Scalability.ini]
[2022.04.10-01.08.55:936][  0]LogConfig: Setting CVar [[r.PostProcessAAQuality:4]]
[2022.04.10-01.08.55:936][  0]LogConfig: Applying CVar settings from Section [ShadowQuality@3] File [C:/Users/joannehw/Desktop/arch_509_AT_projs/PhillipsHouse_Team/Saved/Config/Windows/Scalability.ini]
[2022.04.10-01.08.55:936][  0]LogConfig: Setting CVar [[r.LightFunctionQuality:1]]
[2022.04.10-01.08.55:936][  0]LogConfig: Setting CVar [[r.ShadowQuality:5]]
[2022.04.10-01.08.55:936][  0]LogConfig: Setting CVar [[r.Shadow.CSM.MaxCascades:10]]
[2022.04.10-01.08.55:936][  0]LogConfig: Setting CVar [[r.Shadow.MaxResolution:2048]]
[2022.04.10-01.08.55:936][  0]LogConfig: Setting CVar [[r.Shadow.MaxCSMResolution:2048]]
[2022.04.10-01.08.55:936][  0]LogConfig: Setting CVar [[r.Shadow.RadiusThreshold:0.01]]
[2022.04.10-01.08.55:936][  0]LogConfig: Setting CVar [[r.Shadow.DistanceScale:1.0]]
[2022.04.10-01.08.55:936][  0]LogConfig: Setting CVar [[r.Shadow.CSM.TransitionScale:1.0]]
[2022.04.10-01.08.55:936][  0]LogConfig: Setting CVar [[r.Shadow.PreShadowResolutionFactor:1.0]]
[2022.04.10-01.08.55:936][  0]LogConfig: Setting CVar [[r.DistanceFieldShadowing:1]]
[2022.04.10-01.08.55:936][  0]LogConfig: Setting CVar [[r.DistanceFieldAO:1]]
[2022.04.10-01.08.55:936][  0]LogConfig: Setting CVar [[r.AOQuality:2]]
[2022.04.10-01.08.55:936][  0]LogConfig: Setting CVar [[r.VolumetricFog:1]]
[2022.04.10-01.08.55:936][  0]LogConfig: Setting CVar [[r.VolumetricFog.GridPixelSize:8]]
[2022.04.10-01.08.55:936][  0]LogConfig: Setting CVar [[r.VolumetricFog.GridSizeZ:128]]
[2022.04.10-01.08.55:936][  0]LogConfig: Setting CVar [[r.VolumetricFog.HistoryMissSupersampleCount:4]]
[2022.04.10-01.08.55:936][  0]LogConfig: Setting CVar [[r.LightMaxDrawDistanceScale:1]]
[2022.04.10-01.08.55:936][  0]LogConfig: Setting CVar [[r.CapsuleShadows:1]]
[2022.04.10-01.08.55:936][  0]LogConfig: Applying CVar settings from Section [PostProcessQuality@3] File [C:/Users/joannehw/Desktop/arch_509_AT_projs/PhillipsHouse_Team/Saved/Config/Windows/Scalability.ini]
[2022.04.10-01.08.55:936][  0]LogConfig: Setting CVar [[r.MotionBlurQuality:4]]
[2022.04.10-01.08.55:936][  0]LogConfig: Setting CVar [[r.AmbientOcclusionMipLevelFactor:0.4]]
[2022.04.10-01.08.55:937][  0]LogConfig: Setting CVar [[r.AmbientOcclusionMaxQuality:100]]
[2022.04.10-01.08.55:937][  0]LogConfig: Setting CVar [[r.AmbientOcclusionLevels:-1]]
[2022.04.10-01.08.55:937][  0]LogConfig: Setting CVar [[r.AmbientOcclusionRadiusScale:1.0]]
[2022.04.10-01.08.55:937][  0]LogConfig: Setting CVar [[r.DepthOfFieldQuality:2]]
[2022.04.10-01.08.55:937][  0]LogConfig: Setting CVar [[r.RenderTargetPoolMin:400]]
[2022.04.10-01.08.55:937][  0]LogConfig: Setting CVar [[r.LensFlareQuality:2]]
[2022.04.10-01.08.55:937][  0]LogConfig: Setting CVar [[r.SceneColorFringeQuality:1]]
[2022.04.10-01.08.55:937][  0]LogConfig: Setting CVar [[r.EyeAdaptationQuality:2]]
[2022.04.10-01.08.55:937][  0]LogConfig: Setting CVar [[r.BloomQuality:5]]
[2022.04.10-01.08.55:937][  0]LogConfig: Setting CVar [[r.FastBlurThreshold:100]]
[2022.04.10-01.08.55:937][  0]LogConfig: Setting CVar [[r.Upscale.Quality:3]]
[2022.04.10-01.08.55:937][  0]LogConfig: Setting CVar [[r.Tonemapper.GrainQuantization:1]]
[2022.04.10-01.08.55:937][  0]LogConfig: Setting CVar [[r.LightShaftQuality:1]]
[2022.04.10-01.08.55:937][  0]LogConfig: Setting CVar [[r.Filter.SizeScale:1]]
[2022.04.10-01.08.55:937][  0]LogConfig: Setting CVar [[r.Tonemapper.Quality:5]]
[2022.04.10-01.08.55:937][  0]LogConfig: Setting CVar [[r.DOF.Gather.AccumulatorQuality:1        ; higher gathering accumulator quality]]
[2022.04.10-01.08.55:937][  0]LogConfig: Setting CVar [[r.DOF.Gather.PostfilterMethod:1          ; Median3x3 postfilering method]]
[2022.04.10-01.08.55:937][  0]LogConfig: Setting CVar [[r.DOF.Gather.EnableBokehSettings:0       ; no bokeh simulation when gathering]]
[2022.04.10-01.08.55:937][  0]LogConfig: Setting CVar [[r.DOF.Gather.RingCount:4                 ; medium number of samples when gathering]]
[2022.04.10-01.08.55:937][  0]LogConfig: Setting CVar [[r.DOF.Scatter.ForegroundCompositing:1    ; additive foreground scattering]]
[2022.04.10-01.08.55:937][  0]LogConfig: Setting CVar [[r.DOF.Scatter.BackgroundCompositing:2    ; additive background scattering]]
[2022.04.10-01.08.55:937][  0]LogConfig: Setting CVar [[r.DOF.Scatter.EnableBokehSettings:1      ; bokeh simulation when scattering]]
[2022.04.10-01.08.55:937][  0]LogConfig: Setting CVar [[r.DOF.Scatter.MaxSpriteRatio:0.1         ; only a maximum of 10% of scattered bokeh]]
[2022.04.10-01.08.55:937][  0]LogConfig: Setting CVar [[r.DOF.Recombine.Quality:1                ; cheap slight out of focus]]
[2022.04.10-01.08.55:937][  0]LogConfig: Setting CVar [[r.DOF.Recombine.EnableBokehSettings:0    ; no bokeh simulation on slight out of focus]]
[2022.04.10-01.08.55:937][  0]LogConfig: Setting CVar [[r.DOF.TemporalAAQuality:1                ; more stable temporal accumulation]]
[2022.04.10-01.08.55:937][  0]LogConfig: Setting CVar [[r.DOF.Kernel.MaxForegroundRadius:0.025]]
[2022.04.10-01.08.55:937][  0]LogConfig: Setting CVar [[r.DOF.Kernel.MaxBackgroundRadius:0.025]]
[2022.04.10-01.08.55:937][  0]LogConfig: Applying CVar settings from Section [TextureQuality@3] File [C:/Users/joannehw/Desktop/arch_509_AT_projs/PhillipsHouse_Team/Saved/Config/Windows/Scalability.ini]
[2022.04.10-01.08.55:937][  0]LogConfig: Setting CVar [[r.Streaming.MipBias:0]]
[2022.04.10-01.08.55:938][  0]LogConfig: Setting CVar [[r.Streaming.AmortizeCPUToGPUCopy:0]]
[2022.04.10-01.08.55:938][  0]LogConfig: Setting CVar [[r.Streaming.MaxNumTexturesToStreamPerFrame:0]]
[2022.04.10-01.08.55:938][  0]LogConfig: Setting CVar [[r.Streaming.Boost:1]]
[2022.04.10-01.08.55:938][  0]LogConfig: Setting CVar [[r.MaxAnisotropy:8]]
[2022.04.10-01.08.55:938][  0]LogConfig: Setting CVar [[r.VT.MaxAnisotropy:8]]
[2022.04.10-01.08.55:938][  0]LogConfig: Setting CVar [[r.Streaming.LimitPoolSizeToVRAM:0]]
[2022.04.10-01.08.55:938][  0]LogConfig: Setting CVar [[r.Streaming.PoolSize:1000]]
[2022.04.10-01.08.55:938][  0]LogConfig: Setting CVar [[r.Streaming.MaxEffectiveScreenSize:0]]
[2022.04.10-01.08.55:938][  0]LogConfig: Applying CVar settings from Section [EffectsQuality@3] File [C:/Users/joannehw/Desktop/arch_509_AT_projs/PhillipsHouse_Team/Saved/Config/Windows/Scalability.ini]
[2022.04.10-01.08.55:938][  0]LogConfig: Setting CVar [[r.TranslucencyLightingVolumeDim:64]]
[2022.04.10-01.08.55:938][  0]LogConfig: Setting CVar [[r.RefractionQuality:2]]
[2022.04.10-01.08.55:938][  0]LogConfig: Setting CVar [[r.SSR.Quality:3]]
[2022.04.10-01.08.55:938][  0]LogConfig: Setting CVar [[r.SSR.HalfResSceneColor:0]]
[2022.04.10-01.08.55:938][  0]LogConfig: Setting CVar [[r.SceneColorFormat:4]]
[2022.04.10-01.08.55:938][  0]LogConfig: Setting CVar [[r.DetailMode:2]]
[2022.04.10-01.08.55:938][  0]LogConfig: Setting CVar [[r.TranslucencyVolumeBlur:1]]
[2022.04.10-01.08.55:938][  0]LogConfig: Setting CVar [[r.MaterialQualityLevel:1 ; High quality]]
[2022.04.10-01.08.55:938][  0]LogConfig: Setting CVar [[r.AnisotropicMaterials:1]]
[2022.04.10-01.08.55:938][  0]LogConfig: Setting CVar [[r.SSS.Scale:1]]
[2022.04.10-01.08.55:938][  0]LogConfig: Setting CVar [[r.SSS.SampleSet:2]]
[2022.04.10-01.08.55:938][  0]LogConfig: Setting CVar [[r.SSS.Quality:1]]
[2022.04.10-01.08.55:938][  0]LogConfig: Setting CVar [[r.SSS.HalfRes:0]]
[2022.04.10-01.08.55:938][  0]LogConfig: Setting CVar [[r.SSGI.Quality:3]]
[2022.04.10-01.08.55:938][  0]LogConfig: Setting CVar [[r.EmitterSpawnRateScale:1.0]]
[2022.04.10-01.08.55:938][  0]LogConfig: Setting CVar [[r.ParticleLightQuality:2]]
[2022.04.10-01.08.55:938][  0]LogConfig: Setting CVar [[r.SkyAtmosphere.AerialPerspectiveLUT.FastApplyOnOpaque:1 ; Always have FastSkyLUT 1 in this case to avoid wrong sky]]
[2022.04.10-01.08.55:938][  0]LogConfig: Setting CVar [[r.SkyAtmosphere.AerialPerspectiveLUT.SampleCountMaxPerSlice:4]]
[2022.04.10-01.08.55:938][  0]LogConfig: Setting CVar [[r.SkyAtmosphere.AerialPerspectiveLUT.DepthResolution:16.0]]
[2022.04.10-01.08.55:938][  0]LogConfig: Setting CVar [[r.SkyAtmosphere.FastSkyLUT:1]]
[2022.04.10-01.08.55:938][  0]LogConfig: Setting CVar [[r.SkyAtmosphere.FastSkyLUT.SampleCountMin:4.0]]
[2022.04.10-01.08.55:938][  0]LogConfig: Setting CVar [[r.SkyAtmosphere.FastSkyLUT.SampleCountMax:128.0]]
[2022.04.10-01.08.55:939][  0]LogConfig: Setting CVar [[r.SkyAtmosphere.SampleCountMin:4.0]]
[2022.04.10-01.08.55:939][  0]LogConfig: Setting CVar [[r.SkyAtmosphere.SampleCountMax:128.0]]
[2022.04.10-01.08.55:939][  0]LogConfig: Setting CVar [[r.SkyAtmosphere.TransmittanceLUT.UseSmallFormat:0]]
[2022.04.10-01.08.55:939][  0]LogConfig: Setting CVar [[r.SkyAtmosphere.TransmittanceLUT.SampleCount:10.0]]
[2022.04.10-01.08.55:939][  0]LogConfig: Setting CVar [[r.SkyAtmosphere.MultiScatteringLUT.SampleCount:15.0]]
[2022.04.10-01.08.55:939][  0]LogConfig: Setting CVar [[r.SkyLight.RealTimeReflectionCapture:1]]
[2022.04.10-01.08.55:939][  0]LogConfig: Applying CVar settings from Section [FoliageQuality@3] File [C:/Users/joannehw/Desktop/arch_509_AT_projs/PhillipsHouse_Team/Saved/Config/Windows/Scalability.ini]
[2022.04.10-01.08.55:939][  0]LogConfig: Setting CVar [[foliage.DensityScale:1.0]]
[2022.04.10-01.08.55:939][  0]LogConfig: Setting CVar [[grass.DensityScale:1.0]]
[2022.04.10-01.08.55:939][  0]LogConfig: Applying CVar settings from Section [ShadingQuality@3] File [C:/Users/joannehw/Desktop/arch_509_AT_projs/PhillipsHouse_Team/Saved/Config/Windows/Scalability.ini]
[2022.04.10-01.08.55:939][  0]LogConfig: Setting CVar [[r.HairStrands.SkyLighting.IntegrationType:2]]
[2022.04.10-01.08.55:939][  0]LogConfig: Setting CVar [[r.HairStrands.SkyAO.SampleCount:4]]
[2022.04.10-01.08.55:939][  0]LogConfig: Setting CVar [[r.HairStrands.Visibility.MSAA.SamplePerPixel:4]]
[2022.04.10-01.08.55:939][  0]LogInit: Selected Device Profile: [Windows]
[2022.04.10-01.08.55:939][  0]LogInit: Applying CVar settings loaded from the selected device profile: [Windows]
[2022.04.10-01.08.55:939][  0]LogHAL: Display: Platform has ~ 32 GB [34053517312 / 34359738368 / 32], which maps to Largest [LargestMinGB=32, LargerMinGB=12, DefaultMinGB=8, SmallerMinGB=6, SmallestMinGB=0)
[2022.04.10-01.08.55:939][  0]LogInit: Going up to parent DeviceProfile []
[2022.04.10-01.08.55:939][  0]LogConfig: Applying CVar settings from Section [ViewDistanceQuality@3] File [C:/Users/joannehw/Desktop/arch_509_AT_projs/PhillipsHouse_Team/Saved/Config/Windows/Scalability.ini]
[2022.04.10-01.08.55:939][  0]LogConfig: Setting CVar [[r.SkeletalMeshLODBias:0]]
[2022.04.10-01.08.55:939][  0]LogConfig: Setting CVar [[r.ViewDistanceScale:1.0]]
[2022.04.10-01.08.55:939][  0]LogConfig: Applying CVar settings from Section [AntiAliasingQuality@3] File [C:/Users/joannehw/Desktop/arch_509_AT_projs/PhillipsHouse_Team/Saved/Config/Windows/Scalability.ini]
[2022.04.10-01.08.55:939][  0]LogConfig: Setting CVar [[r.PostProcessAAQuality:4]]
[2022.04.10-01.08.55:940][  0]LogConfig: Applying CVar settings from Section [ShadowQuality@3] File [C:/Users/joannehw/Desktop/arch_509_AT_projs/PhillipsHouse_Team/Saved/Config/Windows/Scalability.ini]
[2022.04.10-01.08.55:940][  0]LogConfig: Setting CVar [[r.LightFunctionQuality:1]]
[2022.04.10-01.08.55:940][  0]LogConfig: Setting CVar [[r.ShadowQuality:5]]
[2022.04.10-01.08.55:940][  0]LogConfig: Setting CVar [[r.Shadow.CSM.MaxCascades:10]]
[2022.04.10-01.08.55:940][  0]LogConfig: Setting CVar [[r.Shadow.MaxResolution:2048]]
[2022.04.10-01.08.55:940][  0]LogConfig: Setting CVar [[r.Shadow.MaxCSMResolution:2048]]
[2022.04.10-01.08.55:940][  0]LogConfig: Setting CVar [[r.Shadow.RadiusThreshold:0.01]]
[2022.04.10-01.08.55:940][  0]LogConfig: Setting CVar [[r.Shadow.DistanceScale:1.0]]
[2022.04.10-01.08.55:940][  0]LogConfig: Setting CVar [[r.Shadow.CSM.TransitionScale:1.0]]
[2022.04.10-01.08.55:940][  0]LogConfig: Setting CVar [[r.Shadow.PreShadowResolutionFactor:1.0]]
[2022.04.10-01.08.55:940][  0]LogConfig: Setting CVar [[r.DistanceFieldShadowing:1]]
[2022.04.10-01.08.55:940][  0]LogConfig: Setting CVar [[r.DistanceFieldAO:1]]
[2022.04.10-01.08.55:940][  0]LogConfig: Setting CVar [[r.AOQuality:2]]
[2022.04.10-01.08.55:940][  0]LogConfig: Setting CVar [[r.VolumetricFog:1]]
[2022.04.10-01.08.55:940][  0]LogConfig: Setting CVar [[r.VolumetricFog.GridPixelSize:8]]
[2022.04.10-01.08.55:940][  0]LogConfig: Setting CVar [[r.VolumetricFog.GridSizeZ:128]]
[2022.04.10-01.08.55:940][  0]LogConfig: Setting CVar [[r.VolumetricFog.HistoryMissSupersampleCount:4]]
[2022.04.10-01.08.55:940][  0]LogConfig: Setting CVar [[r.LightMaxDrawDistanceScale:1]]
[2022.04.10-01.08.55:940][  0]LogConfig: Setting CVar [[r.CapsuleShadows:1]]
[2022.04.10-01.08.55:940][  0]LogConfig: Applying CVar settings from Section [PostProcessQuality@3] File [C:/Users/joannehw/Desktop/arch_509_AT_projs/PhillipsHouse_Team/Saved/Config/Windows/Scalability.ini]
[2022.04.10-01.08.55:940][  0]LogConfig: Setting CVar [[r.MotionBlurQuality:4]]
[2022.04.10-01.08.55:940][  0]LogConfig: Setting CVar [[r.AmbientOcclusionMipLevelFactor:0.4]]
[2022.04.10-01.08.55:940][  0]LogConfig: Setting CVar [[r.AmbientOcclusionMaxQuality:100]]
[2022.04.10-01.08.55:940][  0]LogConfig: Setting CVar [[r.AmbientOcclusionLevels:-1]]
[2022.04.10-01.08.55:940][  0]LogConfig: Setting CVar [[r.AmbientOcclusionRadiusScale:1.0]]
[2022.04.10-01.08.55:940][  0]LogConfig: Setting CVar [[r.DepthOfFieldQuality:2]]
[2022.04.10-01.08.55:940][  0]LogConfig: Setting CVar [[r.RenderTargetPoolMin:400]]
[2022.04.10-01.08.55:940][  0]LogConfig: Setting CVar [[r.LensFlareQuality:2]]
[2022.04.10-01.08.55:940][  0]LogConfig: Setting CVar [[r.SceneColorFringeQuality:1]]
[2022.04.10-01.08.55:940][  0]LogConfig: Setting CVar [[r.EyeAdaptationQuality:2]]
[2022.04.10-01.08.55:941][  0]LogConfig: Setting CVar [[r.BloomQuality:5]]
[2022.04.10-01.08.55:941][  0]LogConfig: Setting CVar [[r.FastBlurThreshold:100]]
[2022.04.10-01.08.55:941][  0]LogConfig: Setting CVar [[r.Upscale.Quality:3]]
[2022.04.10-01.08.55:941][  0]LogConfig: Setting CVar [[r.Tonemapper.GrainQuantization:1]]
[2022.04.10-01.08.55:941][  0]LogConfig: Setting CVar [[r.LightShaftQuality:1]]
[2022.04.10-01.08.55:941][  0]LogConfig: Setting CVar [[r.Filter.SizeScale:1]]
[2022.04.10-01.08.55:941][  0]LogConfig: Setting CVar [[r.Tonemapper.Quality:5]]
[2022.04.10-01.08.55:941][  0]LogConfig: Setting CVar [[r.DOF.Gather.AccumulatorQuality:1        ; higher gathering accumulator quality]]
[2022.04.10-01.08.55:941][  0]LogConfig: Setting CVar [[r.DOF.Gather.PostfilterMethod:1          ; Median3x3 postfilering method]]
[2022.04.10-01.08.55:941][  0]LogConfig: Setting CVar [[r.DOF.Gather.EnableBokehSettings:0       ; no bokeh simulation when gathering]]
[2022.04.10-01.08.55:941][  0]LogConfig: Setting CVar [[r.DOF.Gather.RingCount:4                 ; medium number of samples when gathering]]
[2022.04.10-01.08.55:941][  0]LogConfig: Setting CVar [[r.DOF.Scatter.ForegroundCompositing:1    ; additive foreground scattering]]
[2022.04.10-01.08.55:941][  0]LogConfig: Setting CVar [[r.DOF.Scatter.BackgroundCompositing:2    ; additive background scattering]]
[2022.04.10-01.08.55:941][  0]LogConfig: Setting CVar [[r.DOF.Scatter.EnableBokehSettings:1      ; bokeh simulation when scattering]]
[2022.04.10-01.08.55:941][  0]LogConfig: Setting CVar [[r.DOF.Scatter.MaxSpriteRatio:0.1         ; only a maximum of 10% of scattered bokeh]]
[2022.04.10-01.08.55:941][  0]LogConfig: Setting CVar [[r.DOF.Recombine.Quality:1                ; cheap slight out of focus]]
[2022.04.10-01.08.55:941][  0]LogConfig: Setting CVar [[r.DOF.Recombine.EnableBokehSettings:0    ; no bokeh simulation on slight out of focus]]
[2022.04.10-01.08.55:941][  0]LogConfig: Setting CVar [[r.DOF.TemporalAAQuality:1                ; more stable temporal accumulation]]
[2022.04.10-01.08.55:941][  0]LogConfig: Setting CVar [[r.DOF.Kernel.MaxForegroundRadius:0.025]]
[2022.04.10-01.08.55:941][  0]LogConfig: Setting CVar [[r.DOF.Kernel.MaxBackgroundRadius:0.025]]
[2022.04.10-01.08.55:941][  0]LogConfig: Applying CVar settings from Section [TextureQuality@3] File [C:/Users/joannehw/Desktop/arch_509_AT_projs/PhillipsHouse_Team/Saved/Config/Windows/Scalability.ini]
[2022.04.10-01.08.55:941][  0]LogConfig: Setting CVar [[r.Streaming.MipBias:0]]
[2022.04.10-01.08.55:941][  0]LogConfig: Setting CVar [[r.Streaming.AmortizeCPUToGPUCopy:0]]
[2022.04.10-01.08.55:941][  0]LogConfig: Setting CVar [[r.Streaming.MaxNumTexturesToStreamPerFrame:0]]
[2022.04.10-01.08.55:941][  0]LogConfig: Setting CVar [[r.Streaming.Boost:1]]
[2022.04.10-01.08.55:941][  0]LogConfig: Setting CVar [[r.MaxAnisotropy:8]]
[2022.04.10-01.08.55:941][  0]LogConfig: Setting CVar [[r.VT.MaxAnisotropy:8]]
[2022.04.10-01.08.55:941][  0]LogConfig: Setting CVar [[r.Streaming.LimitPoolSizeToVRAM:0]]
[2022.04.10-01.08.55:941][  0]LogConfig: Setting CVar [[r.Streaming.PoolSize:1000]]
[2022.04.10-01.08.55:941][  0]LogConfig: Setting CVar [[r.Streaming.MaxEffectiveScreenSize:0]]
[2022.04.10-01.08.55:941][  0]LogConfig: Applying CVar settings from Section [EffectsQuality@3] File [C:/Users/joannehw/Desktop/arch_509_AT_projs/PhillipsHouse_Team/Saved/Config/Windows/Scalability.ini]
[2022.04.10-01.08.55:942][  0]LogConfig: Setting CVar [[r.TranslucencyLightingVolumeDim:64]]
[2022.04.10-01.08.55:942][  0]LogConfig: Setting CVar [[r.RefractionQuality:2]]
[2022.04.10-01.08.55:942][  0]LogConfig: Setting CVar [[r.SSR.Quality:3]]
[2022.04.10-01.08.55:942][  0]LogConfig: Setting CVar [[r.SSR.HalfResSceneColor:0]]
[2022.04.10-01.08.55:942][  0]LogConfig: Setting CVar [[r.SceneColorFormat:4]]
[2022.04.10-01.08.55:942][  0]LogConfig: Setting CVar [[r.DetailMode:2]]
[2022.04.10-01.08.55:942][  0]LogConfig: Setting CVar [[r.TranslucencyVolumeBlur:1]]
[2022.04.10-01.08.55:942][  0]LogConfig: Setting CVar [[r.MaterialQualityLevel:1 ; High quality]]
[2022.04.10-01.08.55:942][  0]LogConfig: Setting CVar [[r.AnisotropicMaterials:1]]
[2022.04.10-01.08.55:942][  0]LogConfig: Setting CVar [[r.SSS.Scale:1]]
[2022.04.10-01.08.55:942][  0]LogConfig: Setting CVar [[r.SSS.SampleSet:2]]
[2022.04.10-01.08.55:942][  0]LogConfig: Setting CVar [[r.SSS.Quality:1]]
[2022.04.10-01.08.55:942][  0]LogConfig: Setting CVar [[r.SSS.HalfRes:0]]
[2022.04.10-01.08.55:942][  0]LogConfig: Setting CVar [[r.SSGI.Quality:3]]
[2022.04.10-01.08.55:942][  0]LogConfig: Setting CVar [[r.EmitterSpawnRateScale:1.0]]
[2022.04.10-01.08.55:942][  0]LogConfig: Setting CVar [[r.ParticleLightQuality:2]]
[2022.04.10-01.08.55:942][  0]LogConfig: Setting CVar [[r.SkyAtmosphere.AerialPerspectiveLUT.FastApplyOnOpaque:1 ; Always have FastSkyLUT 1 in this case to avoid wrong sky]]
[2022.04.10-01.08.55:942][  0]LogConfig: Setting CVar [[r.SkyAtmosphere.AerialPerspectiveLUT.SampleCountMaxPerSlice:4]]
[2022.04.10-01.08.55:942][  0]LogConfig: Setting CVar [[r.SkyAtmosphere.AerialPerspectiveLUT.DepthResolution:16.0]]
[2022.04.10-01.08.55:942][  0]LogConfig: Setting CVar [[r.SkyAtmosphere.FastSkyLUT:1]]
[2022.04.10-01.08.55:942][  0]LogConfig: Setting CVar [[r.SkyAtmosphere.FastSkyLUT.SampleCountMin:4.0]]
[2022.04.10-01.08.55:942][  0]LogConfig: Setting CVar [[r.SkyAtmosphere.FastSkyLUT.SampleCountMax:128.0]]
[2022.04.10-01.08.55:942][  0]LogConfig: Setting CVar [[r.SkyAtmosphere.SampleCountMin:4.0]]
[2022.04.10-01.08.55:942][  0]LogConfig: Setting CVar [[r.SkyAtmosphere.SampleCountMax:128.0]]
[2022.04.10-01.08.55:942][  0]LogConfig: Setting CVar [[r.SkyAtmosphere.TransmittanceLUT.UseSmallFormat:0]]
[2022.04.10-01.08.55:942][  0]LogConfig: Setting CVar [[r.SkyAtmosphere.TransmittanceLUT.SampleCount:10.0]]
[2022.04.10-01.08.55:942][  0]LogConfig: Setting CVar [[r.SkyAtmosphere.MultiScatteringLUT.SampleCount:15.0]]
[2022.04.10-01.08.55:942][  0]LogConfig: Setting CVar [[r.SkyLight.RealTimeReflectionCapture:1]]
[2022.04.10-01.08.55:942][  0]LogConfig: Applying CVar settings from Section [FoliageQuality@3] File [C:/Users/joannehw/Desktop/arch_509_AT_projs/PhillipsHouse_Team/Saved/Config/Windows/Scalability.ini]
[2022.04.10-01.08.55:942][  0]LogConfig: Setting CVar [[foliage.DensityScale:1.0]]
[2022.04.10-01.08.55:942][  0]LogConfig: Setting CVar [[grass.DensityScale:1.0]]
[2022.04.10-01.08.55:942][  0]LogConfig: Applying CVar settings from Section [ShadingQuality@3] File [C:/Users/joannehw/Desktop/arch_509_AT_projs/PhillipsHouse_Team/Saved/Config/Windows/Scalability.ini]
[2022.04.10-01.08.55:942][  0]LogConfig: Setting CVar [[r.HairStrands.SkyLighting.IntegrationType:2]]
[2022.04.10-01.08.55:942][  0]LogConfig: Setting CVar [[r.HairStrands.SkyAO.SampleCount:4]]
[2022.04.10-01.08.55:942][  0]LogConfig: Setting CVar [[r.HairStrands.Visibility.MSAA.SamplePerPixel:4]]
[2022.04.10-01.08.55:942][  0]LogConfig: Applying CVar settings from Section [Startup] File [../../../Engine/Config/ConsoleVariables.ini]
[2022.04.10-01.08.55:942][  0]LogConfig: Setting CVar [[net.UseAdaptiveNetUpdateFrequency:0]]
[2022.04.10-01.08.55:942][  0]LogConfig: Setting CVar [[p.chaos.AllowCreatePhysxBodies:1]]
[2022.04.10-01.08.55:942][  0]LogConfig: Setting CVar [[fx.SkipVectorVMBackendOptimizations:1]]
[2022.04.10-01.08.55:942][  0]LogConfig: Applying CVar settings from Section [ConsoleVariables] File [C:/Users/joannehw/Desktop/arch_509_AT_projs/PhillipsHouse_Team/Saved/Config/Windows/Engine.ini]
[2022.04.10-01.08.55:942][  0]LogConfig: Applying CVar settings from Section [ConsoleVariables] File [C:/Users/joannehw/Desktop/arch_509_AT_projs/PhillipsHouse_Team/Saved/Config/Windows/Editor.ini]
[2022.04.10-01.08.55:943][  0]LogInit: Computer: M-4SQQ1G3
[2022.04.10-01.08.55:943][  0]LogInit: User: joannehw
[2022.04.10-01.08.55:943][  0]LogInit: CPU Page size=4096, Cores=12
[2022.04.10-01.08.55:943][  0]LogInit: High frequency timer resolution =10.000000 MHz
[2022.04.10-01.08.55:943][  0]LogMemory: Memory total: Physical=31.7GB (32GB approx)
[2022.04.10-01.08.55:943][  0]LogMemory: Platform Memory Stats for Windows
[2022.04.10-01.08.55:943][  0]LogMemory: Process Physical Memory: 159.08 MB used, 159.09 MB peak
[2022.04.10-01.08.55:943][  0]LogMemory: Process Virtual Memory: 146.56 MB used, 146.56 MB peak
[2022.04.10-01.08.55:943][  0]LogMemory: Physical Memory: 7689.68 MB used,  24786.28 MB free, 32475.96 MB total
[2022.04.10-01.08.55:943][  0]LogMemory: Virtual Memory: 134190960.00 MB used,  26770.45 MB free, 134217728.00 MB total
[2022.04.10-01.08.55:954][  0]LogWindows: WindowsPlatformFeatures enabled
[2022.04.10-01.08.56:016][  0]LogInit: Physics initialised using underlying interface: PhysX
[2022.04.10-01.08.56:046][  0]LogInit: Using OS detected language (en-US).
[2022.04.10-01.08.56:046][  0]LogInit: Using OS detected locale (en-US).
[2022.04.10-01.08.56:050][  0]LogTextLocalizationManager: No specific localization for 'en-US' exists, so the 'en' localization will be used.
[2022.04.10-01.08.56:212][  0]LogInit: Setting process to per monitor DPI aware
[2022.04.10-01.08.56:244][  0]LogWindowsTextInputMethodSystem: Display: IME system deactivated.
[2022.04.10-01.08.56:270][  0]LogSlate: New Slate User Created.  User Index 0, Is Virtual User: 0
[2022.04.10-01.08.56:270][  0]LogSlate: Slate User Registered.  User Index 0, Is Virtual User: 0
[2022.04.10-01.08.56:469][  0]LogD3D11RHI: Loaded GFSDK_Aftermath_Lib.x64.dll
[2022.04.10-01.08.56:526][  0]LogHMD: Optional extension XR_VARJO_quad_views is not available
[2022.04.10-01.08.56:526][  0]LogHMD: Warning: Required extension XR_EXT_eye_gaze_interaction is not available
[2022.04.10-01.08.56:526][  0]LogHMD: Could not enable all required OpenXR extensions for OpenXREyeTracker on current system. This plugin will be loaded but ignored, but will be enabled on a target platform that supports the required extension.
[2022.04.10-01.08.57:030][  0]LogHMD: Failed to get an OpenXR system, result is XR_ERROR_FORM_FACTOR_UNAVAILABLE. Please check that your runtime supports VR headsets.
[2022.04.10-01.08.57:030][  0]LogD3D11RHI: D3D11 min allowed feature level: 11_0
[2022.04.10-01.08.57:030][  0]LogD3D11RHI: D3D11 max allowed feature level: 11_0
[2022.04.10-01.08.57:030][  0]LogD3D11RHI: D3D11 adapters:
[2022.04.10-01.08.57:155][  0]LogD3D11RHI:    0. 'NVIDIA Quadro RTX 4000' (Feature Level 11_0)
[2022.04.10-01.08.57:156][  0]LogD3D11RHI:       8018/0/16237 MB DedicatedVideo/DedicatedSystem/SharedSystem, Outputs:1, VendorId:0x10de
[2022.04.10-01.08.57:158][  0]LogD3D11RHI:    1. 'Microsoft Basic Render Driver' (Feature Level 11_0)
[2022.04.10-01.08.57:158][  0]LogD3D11RHI:       0/0/16237 MB DedicatedVideo/DedicatedSystem/SharedSystem, Outputs:0, VendorId:0x1414
[2022.04.10-01.08.57:158][  0]LogD3D11RHI: Chosen D3D11 Adapter:
[2022.04.10-01.08.57:158][  0]LogD3D11RHI:     Description : NVIDIA Quadro RTX 4000
[2022.04.10-01.08.57:158][  0]LogD3D11RHI:     VendorId    : 10de
[2022.04.10-01.08.57:158][  0]LogD3D11RHI:     DeviceId    : 1eb1
[2022.04.10-01.08.57:158][  0]LogD3D11RHI:     SubSysId    : 12a01028
[2022.04.10-01.08.57:158][  0]LogD3D11RHI:     Revision    : 00a1
[2022.04.10-01.08.57:158][  0]LogD3D11RHI:     DedicatedVideoMemory : 8407482368 bytes
[2022.04.10-01.08.57:158][  0]LogD3D11RHI:     DedicatedSystemMemory : 0 bytes
[2022.04.10-01.08.57:158][  0]LogD3D11RHI:     SharedSystemMemory : 17026758656 bytes
[2022.04.10-01.08.57:158][  0]LogD3D11RHI:     AdapterLuid : 0 188198
[2022.04.10-01.08.57:163][  0]LogD3D11RHI: Creating new Direct3DDevice
[2022.04.10-01.08.57:164][  0]LogD3D11RHI:     GPU DeviceId: 0x1eb1 (for the marketing name, search the web for "GPU Device Id")
[2022.04.10-01.08.57:164][  0]LogWindows: EnumDisplayDevices:
[2022.04.10-01.08.57:164][  0]LogWindows:    0. 'NVIDIA Quadro RTX 4000' (P:1 D:1)
[2022.04.10-01.08.57:165][  0]LogWindows:    1. 'NVIDIA Quadro RTX 4000' (P:0 D:0)
[2022.04.10-01.08.57:165][  0]LogWindows:    2. 'NVIDIA Quadro RTX 4000' (P:0 D:0)
[2022.04.10-01.08.57:166][  0]LogWindows:    3. 'NVIDIA Quadro RTX 4000' (P:0 D:0)
[2022.04.10-01.08.57:166][  0]LogWindows: DebugString: FoundDriverCount:4 
[2022.04.10-01.08.57:166][  0]LogD3D11RHI:     Adapter Name: NVIDIA Quadro RTX 4000
[2022.04.10-01.08.57:166][  0]LogD3D11RHI:   Driver Version: 471.68 (internal:30.0.14.7168, unified:471.68)
[2022.04.10-01.08.57:167][  0]LogD3D11RHI:      Driver Date: 8-5-2021
[2022.04.10-01.08.57:167][  0]LogRHI: Texture pool is 5612 MB (70% of 8018 MB)
[2022.04.10-01.08.57:167][  0]LogD3D11RHI: Creating D3DDevice using adapter:
[2022.04.10-01.08.57:167][  0]LogD3D11RHI:     Description : NVIDIA Quadro RTX 4000
[2022.04.10-01.08.57:167][  0]LogD3D11RHI:     VendorId    : 10de
[2022.04.10-01.08.57:167][  0]LogD3D11RHI:     DeviceId    : 1eb1
[2022.04.10-01.08.57:167][  0]LogD3D11RHI:     SubSysId    : 12a01028
[2022.04.10-01.08.57:167][  0]LogD3D11RHI:     Revision    : 00a1
[2022.04.10-01.08.57:167][  0]LogD3D11RHI:     DedicatedVideoMemory : 8407482368 bytes
[2022.04.10-01.08.57:167][  0]LogD3D11RHI:     DedicatedSystemMemory : 0 bytes
[2022.04.10-01.08.57:167][  0]LogD3D11RHI:     SharedSystemMemory : 17026758656 bytes
[2022.04.10-01.08.57:167][  0]LogD3D11RHI:     AdapterLuid : 0 188198
[2022.04.10-01.08.57:273][  0]LogD3D11RHI: RHI has support for 64 bit atomics
[2022.04.10-01.08.57:274][  0]LogD3D11RHI: Async texture creation enabled
[2022.04.10-01.08.57:274][  0]LogD3D11RHI: Array index from any shader is supported
[2022.04.10-01.08.57:290][  0]LogD3D11RHI: GPU Timing Frequency: 1000.000000 (Debug: 2 1)
[2022.04.10-01.08.57:338][  0]LogRHI: GeForceNow SDK initialized: 1
[2022.04.10-01.08.57:772][  0]LogTargetPlatformManager: Display: Loaded TargetPlatform 'AllDesktop'
[2022.04.10-01.08.57:794][  0]LogTargetPlatformManager: Display: Loaded TargetPlatform 'Android'
[2022.04.10-01.08.57:794][  0]LogTargetPlatformManager: Display: Loaded TargetPlatform 'Android_ASTC'
[2022.04.10-01.08.57:794][  0]LogTargetPlatformManager: Display: Loaded TargetPlatform 'Android_DXT'
[2022.04.10-01.08.57:794][  0]LogTargetPlatformManager: Display: Loaded TargetPlatform 'Android_ETC2'
[2022.04.10-01.08.57:794][  0]LogTargetPlatformManager: Display: Loaded TargetPlatform 'AndroidClient'
[2022.04.10-01.08.57:794][  0]LogTargetPlatformManager: Display: Loaded TargetPlatform 'Android_ASTCClient'
[2022.04.10-01.08.57:794][  0]LogTargetPlatformManager: Display: Loaded TargetPlatform 'Android_DXTClient'
[2022.04.10-01.08.57:794][  0]LogTargetPlatformManager: Display: Loaded TargetPlatform 'Android_ETC2Client'
[2022.04.10-01.08.57:794][  0]LogTargetPlatformManager: Display: Loaded TargetPlatform 'Android_Multi'
[2022.04.10-01.08.57:794][  0]LogTargetPlatformManager: Display: Loaded TargetPlatform 'Android_MultiClient'
[2022.04.10-01.08.57:816][  0]LogTargetPlatformManager: Display: Loaded TargetPlatform 'IOSClient'
[2022.04.10-01.08.57:816][  0]LogTargetPlatformManager: Display: Loaded TargetPlatform 'IOS'
[2022.04.10-01.08.57:828][  0]LogTargetPlatformManager: Display: Loaded TargetPlatform 'Linux'
[2022.04.10-01.08.57:832][  0]LogTargetPlatformManager: Display: Loaded TargetPlatform 'LinuxNoEditor'
[2022.04.10-01.08.57:837][  0]LogTargetPlatformManager: Display: Loaded TargetPlatform 'LinuxClient'
[2022.04.10-01.08.57:841][  0]LogTargetPlatformManager: Display: Loaded TargetPlatform 'LinuxServer'
[2022.04.10-01.08.57:856][  0]LogTargetPlatformManager: Display: Loaded TargetPlatform 'LinuxAArch64NoEditor'
[2022.04.10-01.08.57:868][  0]LogTargetPlatformManager: Display: Loaded TargetPlatform 'LinuxAArch64Client'
[2022.04.10-01.08.57:878][  0]LogTargetPlatformManager: Display: Loaded TargetPlatform 'LinuxAArch64Server'
[2022.04.10-01.08.57:915][  0]LogTargetPlatformManager: Display: Loaded TargetPlatform 'Lumin'
[2022.04.10-01.08.57:915][  0]LogTargetPlatformManager: Display: Loaded TargetPlatform 'LuminClient'
[2022.04.10-01.08.57:927][  0]LogTargetPlatformManager: Display: Loaded TargetPlatform 'MacNoEditor'
[2022.04.10-01.08.57:931][  0]LogTargetPlatformManager: Display: Loaded TargetPlatform 'Mac'
[2022.04.10-01.08.57:939][  0]LogTargetPlatformManager: Display: Loaded TargetPlatform 'MacClient'
[2022.04.10-01.08.57:948][  0]LogTargetPlatformManager: Display: Loaded TargetPlatform 'MacServer'
[2022.04.10-01.08.57:957][  0]LogTargetPlatformManager: Display: Loaded TargetPlatform 'TVOSClient'
[2022.04.10-01.08.57:957][  0]LogTargetPlatformManager: Display: Loaded TargetPlatform 'TVOS'
[2022.04.10-01.08.57:965][  0]LogTargetPlatformManager: Display: Loaded TargetPlatform 'WindowsNoEditor'
[2022.04.10-01.08.57:975][  0]LogTargetPlatformManager: Display: Loaded TargetPlatform 'Windows'
[2022.04.10-01.08.57:987][  0]LogTargetPlatformManager: Display: Loaded TargetPlatform 'WindowsClient'
[2022.04.10-01.08.57:997][  0]LogTargetPlatformManager: Display: Loaded TargetPlatform 'WindowsServer'
[2022.04.10-01.08.57:997][  0]LogTargetPlatformManager: Display: Building Assets For Windows
[2022.04.10-01.08.58:011][  0]LogAudioDebug: Display: Lib vorbis DLL was dynamically loaded.
[2022.04.10-01.08.58:044][  0]LogTextureFormatOodle: Display: Oodle Texture 2.9.0 init RDO Off
[2022.04.10-01.08.58:076][  0]LogRendererCore: Ray tracing is disabled. Reason: r.RayTracing=0.
[2022.04.10-01.08.58:076][  0]LogShaderCompilers: Guid format shader working directory is -12 characters bigger than the processId version (C:/Users/joannehw/Desktop/arch_509_AT_projs/PhillipsHouse_Team/Intermediate/Shaders/WorkingDirectory/13484/).
[2022.04.10-01.08.58:076][  0]LogShaderCompilers: Cleaned the shader compiler working directory 'C:/Users/joannehw/AppData/Local/Temp/1/UnrealShaderWorkingDir/B9D1859F48FA201372FDA586C87C7FBC/'.
[2022.04.10-01.08.58:077][  0]LogXGEController: Cannot use XGE Controller as Incredibuild is not installed on this machine.
[2022.04.10-01.08.58:077][  0]LogShaderCompilers: Cannot use XGE Shader Compiler as Incredibuild is not installed on this machine.
[2022.04.10-01.08.58:077][  0]LogShaderCompilers: Display: Using Local Shader Compiler.
[2022.04.10-01.08.58:782][  0]LogDerivedDataCache: Display: Max Cache Size: 512 MB
[2022.04.10-01.08.58:846][  0]LogDerivedDataCache: Loaded boot cache 0.06s 118MB C:/Users/joannehw/AppData/Local/UnrealEngine/4.27/DerivedDataCache/Boot.ddc.
[2022.04.10-01.08.58:846][  0]LogDerivedDataCache: Display: Loaded Boot cache: C:/Users/joannehw/AppData/Local/UnrealEngine/4.27/DerivedDataCache/Boot.ddc
[2022.04.10-01.08.58:846][  0]LogDerivedDataCache: FDerivedDataBackendGraph:  Pak pak cache file C:/Users/joannehw/Desktop/arch_509_AT_projs/PhillipsHouse_Team/DerivedDataCache/DDC.ddp not found, will not use a pak cache.
[2022.04.10-01.08.58:846][  0]LogDerivedDataCache: Unable to find inner node Pak for hierarchical cache Hierarchy.
[2022.04.10-01.08.58:846][  0]LogDerivedDataCache: FDerivedDataBackendGraph:  CompressedPak pak cache file C:/Users/joannehw/Desktop/arch_509_AT_projs/PhillipsHouse_Team/DerivedDataCache/Compressed.ddp not found, will not use a pak cache.
[2022.04.10-01.08.58:846][  0]LogDerivedDataCache: Unable to find inner node CompressedPak for hierarchical cache Hierarchy.
[2022.04.10-01.08.58:859][  0]LogDerivedDataCache: Display: Pak cache opened for reading ../../../Engine/DerivedDataCache/Compressed.ddp.
[2022.04.10-01.08.58:859][  0]LogDerivedDataCache: FDerivedDataBackendGraph:  EnterprisePak pak cache file ../../../Enterprise/DerivedDataCache/Compressed.ddp not found, will not use a pak cache.
[2022.04.10-01.08.58:859][  0]LogDerivedDataCache: Unable to find inner node EnterprisePak for hierarchical cache Hierarchy.
[2022.04.10-01.08.58:870][  0]LogDerivedDataCache: Speed tests for C:/Users/joannehw/AppData/Local/UnrealEngine/Common/DerivedDataCache took 0.01 seconds
[2022.04.10-01.08.58:870][  0]LogDerivedDataCache: Display: Performance to C:/Users/joannehw/AppData/Local/UnrealEngine/Common/DerivedDataCache: Latency=0.02ms. RandomReadSpeed=936.52MBs, RandomWriteSpeed=98.31MBs. Assigned SpeedClass 'Local'
[2022.04.10-01.08.58:871][  0]LogDerivedDataCache: Using Local data cache path C:/Users/joannehw/AppData/Local/UnrealEngine/Common/DerivedDataCache: Writable
[2022.04.10-01.08.58:871][  0]LogDerivedDataCache: Shared data cache path not found in *engine.ini, will not use an Shared cache.
[2022.04.10-01.08.58:871][  0]LogDerivedDataCache: Unable to find inner node Shared for hierarchical cache Hierarchy.
[2022.04.10-01.08.58:910][  0]LogSlate: Using FreeType 2.10.0
[2022.04.10-01.08.58:911][  0]LogSlate: SlateFontServices - WITH_FREETYPE: 1, WITH_HARFBUZZ: 1
[2022.04.10-01.08.59:412][  0]LogHMD: Failed to get an OpenXR system, result is XR_ERROR_FORM_FACTOR_UNAVAILABLE. Please check that your runtime supports VR headsets.
[2022.04.10-01.08.59:476][  0]LogAssetRegistry: FAssetRegistry took 0.0067 seconds to start up
[2022.04.10-01.08.59:716][  0]LogInit: Selected Device Profile: [Windows]
[2022.04.10-01.08.59:716][  0]LogInit: Active device profile: [000002C9CF82C700][000002C9CE8EB240 49] Windows
[2022.04.10-01.08.59:716][  0]LogInit: Profiles: [000002C9CF82C700][000002C9CE8EB240 49] Windows, [000002C9CF7FB300][000002C9CFB773C0 49] WindowsNoEditor, [000002C9CF82F300][000002C9CFB7B540 49] WindowsServer, [000002C9CF7FBC00][000002C9CFB7F6C0 49] WindowsClient, [000002C9CF82F500][000002C9CFB83840 49] IOS, [000002C9CF79FF00][000002C9CFB879C0 49] iPadAir, [000002C9CF7FB700][000002C9CFB8BB40 49] iPadAir2, [000002C9CF750500][000002C9CFB92280 49] IPadPro, [000002C9CF750600][000002C9CFB8E2C0 49] iPadAir3, [000002C9CF79C100][000002C9CFB96440 49] iPadAir4, [000002C9CF752C00][000002C9CFB9A5C0 49] iPadMini2, [000002C9CF79E500][000002C9CFB9E740 49] iPadMini3, [000002C9CF753400][000002C9CFBA28C0 49] iPadMini4, [000002C9CF79CF00][000002C9CFBA6A40 49] iPadMini5, [000002C9CF73BE00][000002C9CFBAED00 49] iPhone6, [000002C9CF73BF00][000002C9CFBAAD40 49] iPodTouch6, [000002C9CF82F900][000002C9CFBB2F80 49] iPhone7, [000002C9CF82E100][000002C9CFB72FC0 49] iPodTouch7, [000002C9CF738400][000002C9CFBB7100 49] iPhone5S, [000002C9CF753D00][000002C9CFBBF280 49] iPhone6Plus, [000002C9CF82F400][000002C9CFBC3400 49] iPhone6S, [000002C9CF752000][000002C9CFBC7580 49] iPhone6SPlus, [000002C9CF82C900][000002C9CFBCB700 49] iPhone7Plus, [000002C9CF750E00][000002C9CFBCF880 49] iPhoneSE, [000002C9CF82C200][000002C9CFBD3A00 49] iPhone8, [000002C9CF752400][000002C9CFBD7B80 49] iPhone8Plus, [000002C9CF82DE00][000002C9CFBDA180 49] iPhoneX, [000002C9CF753E00][000002C9CFBDE300 49] iPhoneXS, [000002C9CF82D600][000002C9CFBE2480 49] iPhoneXSMax, [000002C9CF752500][000002C9CFBE6600 49] iPhoneXR, [000002C9CF82EA00][000002C9CFBEA780 49] iPhone11, [000002C9CF753A00][000002C9CFBEE900 49] iPhone11Pro, [000002C9CF82CF00][000002C9CFBF2A80 49] iPhone11ProMax, [000002C9CF752300][000002C9CFBF6C00 49] iPhoneSE2, [000002C9CF82E700][000002C9CFBFAD80 49] iPhone12Mini, [000002C9CF750700][000002C9CFBFEF00 49] iPhone12, [000002C9CF82F100][000002C9CFBBB040 49] iPhone12Pro, [000002C9CF753500][000002C9CFC03180 49] iPhone12ProMax, [000002C9CF82C800][000002C9CFC072C0 49] iPadPro105, [000002C9CF751C00][000002C9CFC0F440 49] iPadPro129, [000002C9CF82C300][000002C9CFC135C0 49] iPadPro97, [000002C9CF751D00][000002C9CFC17740 49] iPadPro2_129, [000002C9CF82CC00][000002C9CFC1B8C0 49] iPad5, [000002C9CF753000][000002C9CFC1FA40 49] iPad6, [000002C9CF82EC00][000002C9CFC23BC0 49] iPad7, [000002C9CF752E00][000002C9CFC261C0 49] iPad8, [000002C9CF82D800][000002C9CFC2A340 49] iPadPro11, [000002C9CF751B00][000002C9CFC2E4C0 49] iPadPro2_11, [000002C9CF82D500][000002C9CFC32640 49] iPadPro3_129, [000002C9CF752700][000002C9CFC367C0 49] iPadPro4_129, [000002C9CF82C100][000002C9CFC3A940 49] AppleTV, [000002C9CF752B00][000002C9CFC3EAC0 49] AppleTV4K, [000002C9CF82DB00][000002C9CFC42C40 49] TVOS, [000002C9CF750900][000002C9CFC46DC0 49] Mac, [000002C9CF82D700][000002C9CFC4AF40 49] MacClient, [000002C9CF752F00][000002C9CFC4F0C0 49] MacNoEditor, [000002C9CF82CD00][000002C9CFC0B200 49] MacServer, [000002C9CF750300][000002C9CFC53340 49] Linux, [000002C9CF82EE00][000002C9CFC57480 49] LinuxAArch64, [000002C9CF751500][000002C9CFC5B5C0 49] LinuxNoEditor, [000002C9CF82E400][000002C9CFC63740 49] LinuxAArch64NoEditor, [000002C9CF750200][000002C9CFC678C0 49] LinuxClient, [000002C9CF82ED00][000002C9CFC6BA40 49] LinuxAArch64Client, [000002C9CF750C00][000002C9CFC6FBC0 49] LinuxServer, [000002C9CF82C400][000002C9CFCA21C0 49] LinuxAArch64Server, [000002C9CF751000][000002C9CFCA6340 49] Android, [000002C9CF79F900][000002C9CFCAA4C0 49] Android_Low, [000002C9CF739B00][000002C9CFCAE640 49] Android_Mid, [000002C9CF79F000][000002C9CFCB27C0 49] Android_High, [000002C9CF73A300][000002C9C5BAA940 49] Android_Default, [000002C9CF79E000][000002C9C5BAEAC0 49] Android_Adreno4xx, [000002C9CF738100][000002C9C5BB2C40 49] Android_Adreno5xx_Low, [000002C9CF79CB00][000002C9C5BB6DC0 49] Android_Adreno5xx, [000002C9CF739800][000002C9C5BBEF40 49] Android_Adreno6xx, [000002C9CF79D100][000002C9C5BC30C0 49] Android_Adreno6xx_Vulkan, [000002C9CF738800][000002C9C5BCB240 49] Android_Mali_T6xx, [000002C9CF79F600][000002C9CFC5F380 49] Android_Mali_T7xx, [000002C9CF738D00][000002C9C5BCF4C0 49] Android_Mali_T8xx, [000002C9CF79FC00][000002C9CFCD7600 49] Android_Mali_G71, [000002C9CF739500][000002C9CFCDB740 49] Android_Mali_G72, [000002C9CF79FE00][000002C9CFCE38C0 49] Android_Mali_G72_Vulkan, [000002C9CF73BD00][000002C9CFCE7A40 49] Android_Mali_G76, [000002C9CF79FA00][000002C9CFCEBBC0 49] Android_Mali_G76_Vulkan, [000002C9CF73B600][000002C9CFCEE1C0 49] Android_Mali_G77, [000002C9CF79E200][000002C9CFCF2340 49] Android_Mali_G77_Vulkan, [000002C9CF739200][000002C9CFCF64C0 49] Android_Mali_G78, [000002C9CF79CA00][000002C9CFCFA640 49] Android_Mali_G78_Vulkan, [000002C9CF73B000][000002C9D00967C0 49] Android_Mali_G710, [000002C9CF79D400][000002C9D009A940 49] Android_Mali_G710_Vulkan, [000002C9CF738700][000002C9D009EAC0 49] Android_Vulkan_SM5, [000002C9CF79D800][000002C9D00AAC40 49] Android_PowerVR_G6xxx, [000002C9CF738E00][000002C9D00DEDC0 49] Android_PowerVR_GT7xxx, [000002C9CF79C200][000002C9D00E2F40 49] Android_PowerVR_GE8xxx, [000002C9CF738600][000002C9D00E70C0 49] Android_PowerVR_GM9xxx, [000002C9CF79E600][000002C9C091B240 49] Android_PowerVR_GM9xxx_Vulkan, [000002C9CF750F00][000002C9D00F33C0 49] Android_TegraK1, [000002C9CF79EA00][000002C9D00F7540 49] Android_Unknown_Vulkan, [000002C9CF750D00][000002C9CFCDF680 49] Lumin, [000002C9CF79D200][000002C9D00FB7C0 49] Lumin_Desktop, [000002C9CF750B00][000002C9D00FF900 49] HoloLens, 
[2022.04.10-01.08.59:858][  0]LogMeshReduction: Using QuadricMeshReduction for automatic static mesh reduction
[2022.04.10-01.08.59:858][  0]LogMeshReduction: Using SimplygonMeshReduction for automatic skeletal mesh reduction
[2022.04.10-01.08.59:858][  0]LogMeshReduction: Using ProxyLODMeshReduction for automatic mesh merging
[2022.04.10-01.08.59:858][  0]LogMeshReduction: No distributed automatic mesh merging module available
[2022.04.10-01.08.59:858][  0]LogMeshMerging: No distributed automatic mesh merging module available
[2022.04.10-01.08.59:880][  0]LogNetVersion: PhillipsHouse_Team 1.0.0, NetCL: 17155196, EngineNetVer: 17, GameNetVer: 0 (Checksum: 4090485266)
[2022.04.10-01.09.00:261][  0]LogTexture: Default maximum texture size for cubemaps generated from long-lat sources has been changed from 512 to unlimited. In order to preserve old behaiour for '/Engine/MapTemplates/Sky/DaylightAmbientCubemap.DaylightAmbientCubemap', its maximum texture size has been explicitly set to 512.
[2022.04.10-01.09.00:335][  0]LogHMD: PokeAHoleMaterial loaded successfully
[2022.04.10-01.09.00:341][  0]LogUObjectArray: 17075 objects as part of root set at end of initial load.
[2022.04.10-01.09.00:341][  0]LogUObjectAllocator: 4275792 out of 0 bytes used by permanent object pool.
[2022.04.10-01.09.00:341][  0]LogUObjectArray: CloseDisregardForGC: 0/0 objects in disregard for GC pool
[2022.04.10-01.09.00:743][  0]LogNiagaraDebuggerClient: Niagara Debugger Client Initialized | Session: C1AEB8C944AEFC8F998D74BA5412D82F | Instance: AA25E0684782E75187EEB594E2474637 (M-4SQQ1G3-13484).
[2022.04.10-01.09.00:807][  0]LogPython: Using Python 3.7.7
[2022.04.10-01.09.01:279][  0]LogUdpMessaging: Initializing bridge on interface 0.0.0.0:0 to multicast group 230.0.0.1:6666.
[2022.04.10-01.09.01:297][  0]LogTcpMessaging: Initializing TcpMessaging bridge
[2022.04.10-01.09.01:746][  0]SourceControl: Source control is disabled
[2022.04.10-01.09.01:746][  0]SourceControl: Source control is disabled
[2022.04.10-01.09.01:786][  0]SourceControl: Source control is disabled
[2022.04.10-01.09.01:789][  0]SourceControl: Source control is disabled
[2022.04.10-01.09.01:792][  0]LogUProjectInfo: Found projects:
[2022.04.10-01.09.01:799][  0]SourceControl: Source control is disabled
[2022.04.10-01.09.02:117][  0]LogOpenImageDenoise: OIDN starting up
[2022.04.10-01.09.02:137][  0]LogTexture: Default maximum texture size for cubemaps generated from long-lat sources has been changed from 512 to unlimited. In order to preserve old behaiour for '/Engine/EditorMaterials/AssetViewer/EpicQuadPanorama_CC+EV1.EpicQuadPanorama_CC+EV1', its maximum texture size has been explicitly set to 512.
[2022.04.10-01.09.03:345][  0]LogAndroidPermission: UAndroidPermissionCallbackProxy::GetInstance
[2022.04.10-01.09.03:373][  0]LogAudioCaptureCore: Display: No Audio Capture implementations found. Audio input will be silent.
[2022.04.10-01.09.03:373][  0]LogAudioCaptureCore: Display: No Audio Capture implementations found. Audio input will be silent.
[2022.04.10-01.09.03:548][  0]LogCollectionManager: Loaded 0 collections in 0.000776 seconds
[2022.04.10-01.09.03:579][  0]LogFileCache: Scanning file cache for directory 'C:/Users/joannehw/Desktop/arch_509_AT_projs/PhillipsHouse_Team/Saved/Collections/' took 0.00s
[2022.04.10-01.09.03:579][  0]LogFileCache: Scanning file cache for directory 'C:/Users/joannehw/Desktop/arch_509_AT_projs/PhillipsHouse_Team/Content/Developers/joannehw/Collections/' took 0.00s
[2022.04.10-01.09.03:579][  0]LogFileCache: Scanning file cache for directory 'C:/Users/joannehw/Desktop/arch_509_AT_projs/PhillipsHouse_Team/Content/Collections/' took 0.00s
[2022.04.10-01.09.03:579][  0]LogOcInput: OculusInput pre-init called
[2022.04.10-01.09.04:355][  0]LogClass: Display: Int8Property FMTSJson::version is not initialized properly. Module:MegascansPlugin File:Private/Utilities/MTSReader.h
[2022.04.10-01.09.04:355][  0]LogClass: Display: Int16Property FMTSJson::resolutionValue is not initialized properly. Module:MegascansPlugin File:Private/Utilities/MTSReader.h
[2022.04.10-01.09.04:355][  0]LogClass: Display: BoolProperty FMTSJson::isExternal is not initialized properly. Module:MegascansPlugin File:Private/Utilities/MTSReader.h
[2022.04.10-01.09.04:355][  0]LogClass: Display: Int8Property FMTSJson::meshVersion is not initialized properly. Module:MegascansPlugin File:Private/Utilities/MTSReader.h
[2022.04.10-01.09.04:355][  0]LogClass: Display: BoolProperty FMTSJson::isCustom is not initialized properly. Module:MegascansPlugin File:Private/Utilities/MTSReader.h
[2022.04.10-01.09.04:355][  0]LogClass: Display: BoolProperty FMTSJson::isModularAsset is not initialized properly. Module:MegascansPlugin File:Private/Utilities/MTSReader.h
[2022.04.10-01.09.04:355][  0]LogClass: Display: Int8Property FLodList::variation is not initialized properly. Module:MegascansPlugin File:Private/Utilities/MTSReader.h
[2022.04.10-01.09.04:355][  0]LogClass: Display: Int16Property FMeshList::resolution is not initialized properly. Module:MegascansPlugin File:Private/Utilities/MTSReader.h
[2022.04.10-01.09.04:356][  0]LogClass: Display: Int16Property FComponents::resolution is not initialized properly. Module:MegascansPlugin File:Private/Utilities/MTSReader.h
[2022.04.10-01.09.04:356][  0]LogClass: Display: BoolProperty FTextureSets::isUdim is not initialized properly. Module:MegascansPlugin File:Private/Utilities/MTSReader.h
[2022.04.10-01.09.04:356][  0]LogClass: Display: BoolProperty FMeta::value is not initialized properly. Module:MegascansPlugin File:Private/Utilities/MTSReader.h
[2022.04.10-01.09.04:356][  0]LogClass: Display: StructProperty FTMDoorwayStoredSizingEntry::mTranslation is not initialized properly. Module:TwinmotionStorageLite File:Public/Generated/TMDoorwayStoredRules.h
[2022.04.10-01.09.04:356][  0]LogClass: Display: StructProperty FTMDoorwayStoredSizingEntry::mScale is not initialized properly. Module:TwinmotionStorageLite File:Public/Generated/TMDoorwayStoredRules.h
[2022.04.10-01.09.04:356][  0]LogClass: Display: 13 Uninitialized script struct members found including 0 object properties
[2022.04.10-01.09.04:357][  0]LogEngine: Initializing Engine...
[2022.04.10-01.09.04:858][  0]LogHMD: Failed to get an OpenXR system, result is XR_ERROR_FORM_FACTOR_UNAVAILABLE. Please check that your runtime supports VR headsets.
[2022.04.10-01.09.04:858][  0]LogMagicLeap: Warning: VR disabled because ZI is not enabled.  To enable, in the editor, Edit -> Project Settings -> Plugins -> Magic Leap Plugin -> Enable Zero Iteration
[2022.04.10-01.09.04:860][  0]LogStats: UGameplayTagsManager::InitializeManager -  0.000 s
[2022.04.10-01.09.05:043][  0]LogInit: Initializing FReadOnlyCVARCache
[2022.04.10-01.09.05:063][  0]LogAIModule: Creating AISystem for world Untitled
[2022.04.10-01.09.05:063][  0]LogAudio: Display: Initializing Audio Device Manager...
[2022.04.10-01.09.05:073][  0]LogAudio: Display: Loading Default Audio Settings Objects...
[2022.04.10-01.09.05:074][  0]LogAudio: Display: No default SoundConcurrencyObject specified (or failed to load).
[2022.04.10-01.09.05:075][  0]LogAudio: Display: Audio Device Manager Initialized
[2022.04.10-01.09.05:075][  0]LogAudio: Display: Creating Audio Device:                 Id: 1, Scope: Shared, Realtime: True
[2022.04.10-01.09.05:075][  0]LogAudioMixer: Display: Audio Mixer Platform Settings:
[2022.04.10-01.09.05:075][  0]LogAudioMixer: Display: 	Sample Rate:						  48000
[2022.04.10-01.09.05:075][  0]LogAudioMixer: Display: 	Callback Buffer Frame Size Requested: 1024
[2022.04.10-01.09.05:075][  0]LogAudioMixer: Display: 	Callback Buffer Frame Size To Use:	  1024
[2022.04.10-01.09.05:075][  0]LogAudioMixer: Display: 	Number of buffers to queue:			  1
[2022.04.10-01.09.05:075][  0]LogAudioMixer: Display: 	Max Channels (voices):				  0
[2022.04.10-01.09.05:075][  0]LogAudioMixer: Display: 	Number of Async Source Workers:		  4
[2022.04.10-01.09.05:075][  0]LogAudio: Display: AudioDevice MaxSources: 32
[2022.04.10-01.09.05:076][  0]LogAudio: Display: Audio Spatialization Plugin: Resonance Audio is external send: 1
[2022.04.10-01.09.05:076][  0]LogAudio: Display: Audio Reverb Plugin: Resonance Audio
[2022.04.10-01.09.05:076][  0]LogAudio: Display: Audio Occlusion Plugin: None (built-in).
[2022.04.10-01.09.05:076][  0]LogAudioMixer: Display: Initializing audio mixer.
[2022.04.10-01.09.05:103][  0]LogAudioMixer: Display: 0: FrontLeft
[2022.04.10-01.09.05:103][  0]LogAudioMixer: Display: 1: FrontRight
[2022.04.10-01.09.05:166][  0]LogAudioMixer: Display: Using Audio Device Speakers (2- High Definition Audio Device)
[2022.04.10-01.09.05:167][  0]LogAudioMixer: Display: Initializing Sound Submixes...
[2022.04.10-01.09.05:172][  0]LogAudioMixer: Display: Creating Master Submix 'MasterSubmixDefault'
[2022.04.10-01.09.05:172][  0]LogAudioMixer: Display: Creating Master Submix 'MasterReverbSubmixDefault'
[2022.04.10-01.09.05:174][  0]LogAudioMixer: Display: Creating Master Submix 'MasterEQSubmixDefault'
[2022.04.10-01.09.05:176][  0]LogAudioMixer: FMixerPlatformXAudio2::StartAudioStream() called
[2022.04.10-01.09.05:176][  0]LogAudioMixer: Display: Output buffers initialized: Frames=1024, Channels=2, Samples=2048
[2022.04.10-01.09.05:179][  0]LogAudioMixer: Display: Starting AudioMixerPlatformInterface::RunInternal()
[2022.04.10-01.09.05:179][  0]LogAudioMixer: Display: FMixerPlatformXAudio2::SubmitBuffer() called for the first time
[2022.04.10-01.09.05:179][  0]LogInit: FAudioDevice initialized.
[2022.04.10-01.09.05:179][  0]LogAudio: Display: Audio Device (ID: 1) registered with world 'Untitled'.
[2022.04.10-01.09.05:179][  0]LogNetVersion: Set ProjectVersion to 1.0.0.0. Version Checksum will be recalculated on next use.
[2022.04.10-01.09.05:263][  0]LogDerivedDataCache: Saved boot cache 0.08s 118MB C:/Users/joannehw/AppData/Local/UnrealEngine/4.27/DerivedDataCache/Boot.ddc.
[2022.04.10-01.09.05:266][  0]LogInit: Texture streaming: Enabled
[2022.04.10-01.09.05:290][  0]LogAnalytics: Display: [UEEditor.Rocket.Release] APIServer = https://datarouter.ol.epicgames.com/. AppVersion = 4.27.2-18319896+++UE4+Release-4.27
[2022.04.10-01.09.05:299][  0]LogEngineSessionManager: EngineSessionManager initialized
[2022.04.10-01.09.05:299][  0]LogEditorSessionSummary: Verbose: Initializing EditorSessionSummaryWriter for editor session tracking
[2022.04.10-01.09.05:304][  0]LogEditorSessionSummary: EditorSessionSummaryWriter initialized
[2022.04.10-01.09.05:346][  0]LogInit: Transaction tracking system initialized
[2022.04.10-01.09.05:395][  0]BlueprintLog: New page: Editor Load
[2022.04.10-01.09.05:564][  0]LocalizationService: Localization service is disabled
[2022.04.10-01.09.05:614][  0]TimingProfiler: Initialize
[2022.04.10-01.09.05:614][  0]TimingProfiler: OnSessionChanged
[2022.04.10-01.09.05:614][  0]LoadingProfiler: Initialize
[2022.04.10-01.09.05:614][  0]LoadingProfiler: OnSessionChanged
[2022.04.10-01.09.05:614][  0]NetworkingProfiler: Initialize
[2022.04.10-01.09.05:614][  0]NetworkingProfiler: OnSessionChanged
[2022.04.10-01.09.05:614][  0]MemoryProfiler: Initialize
[2022.04.10-01.09.05:614][  0]MemoryProfiler: OnSessionChanged
[2022.04.10-01.09.05:812][  0]LogCook: Display: CookSettings for Memory: MemoryMaxUsedVirtual 0MiB, MemoryMaxUsedPhysical 16384MiB, MemoryMinFreeVirtual 0MiB, MemoryMinFreePhysical 1024MiB
[2022.04.10-01.09.05:812][  0]LogCook: Display: Mobile HDR setting 0
[2022.04.10-01.09.05:978][  0]LogFileCache: Scanning file cache for directory 'C:/Users/joannehw/Desktop/arch_509_AT_projs/PhillipsHouse_Team/Content/' took 0.01s
[2022.04.10-01.09.05:978][  0]LogMaterial: Display: Missing cached shadermap for BrushedMetal in PCD3D_SM5, Default, SM5 (DDC key hash: 3178B5DDD54424745BBB61A2F255E1BC3F765B4A), compiling. 
[2022.04.10-01.09.06:089][  0]LogShaderCompilers: Display: Submitted 67 shader compile jobs with 'Low' priority
[2022.04.10-01.09.06:098][  0]LogShaderCompilers: Display: Worker (1/21): shaders left to compile 67
[2022.04.10-01.09.06:098][  0]LogShaderCompilers: Display: Worker (2/21): shaders left to compile 63
[2022.04.10-01.09.06:098][  0]LogShaderCompilers: Display: Worker (3/21): shaders left to compile 59
[2022.04.10-01.09.06:098][  0]LogShaderCompilers: Display: Worker (4/21): shaders left to compile 55
[2022.04.10-01.09.06:098][  0]LogShaderCompilers: Display: Worker (5/21): shaders left to compile 51
[2022.04.10-01.09.06:098][  0]LogShaderCompilers: Display: Worker (6/21): shaders left to compile 47
[2022.04.10-01.09.06:098][  0]LogShaderCompilers: Display: Worker (7/21): shaders left to compile 43
[2022.04.10-01.09.06:098][  0]LogShaderCompilers: Display: Worker (8/21): shaders left to compile 39
[2022.04.10-01.09.06:098][  0]LogShaderCompilers: Display: Worker (9/21): shaders left to compile 35
[2022.04.10-01.09.06:098][  0]LogShaderCompilers: Display: Worker (10/21): shaders left to compile 31
[2022.04.10-01.09.06:098][  0]LogShaderCompilers: Display: Worker (11/21): shaders left to compile 27
[2022.04.10-01.09.06:098][  0]LogShaderCompilers: Display: Worker (12/21): shaders left to compile 23
[2022.04.10-01.09.06:098][  0]LogShaderCompilers: Display: Worker (13/21): shaders left to compile 19
[2022.04.10-01.09.06:098][  0]LogShaderCompilers: Display: Worker (14/21): shaders left to compile 15
[2022.04.10-01.09.06:098][  0]LogShaderCompilers: Display: Worker (15/21): shaders left to compile 11
[2022.04.10-01.09.06:098][  0]LogShaderCompilers: Display: Worker (16/21): shaders left to compile 7
[2022.04.10-01.09.06:098][  0]LogShaderCompilers: Display: Worker (17/21): shaders left to compile 3
[2022.04.10-01.09.06:098][  0]LogShaderCompilers: Display: Started 67 'Local' shader compile jobs with 'Low' priority
[2022.04.10-01.09.06:098][  0]LogMaterial: Display: Missing cached shadermap for UnicolorCarpaint in PCD3D_SM5, Default, SM5 (DDC key hash: 309C00FEE37E6CA500A42A523AC91F0640729659), compiling. 
[2022.04.10-01.09.06:136][  0]LogShaderCompilers: Display: Submitted 67 shader compile jobs with 'Low' priority
[2022.04.10-01.09.06:373][  0]LogShaderCompilers: Display: Worker (18/21): shaders left to compile 67
[2022.04.10-01.09.06:373][  0]LogShaderCompilers: Display: Worker (19/21): shaders left to compile 63
[2022.04.10-01.09.06:373][  0]LogShaderCompilers: Display: Worker (20/21): shaders left to compile 59
[2022.04.10-01.09.06:373][  0]LogShaderCompilers: Display: Worker (21/21): shaders left to compile 55
[2022.04.10-01.09.06:373][  0]LogShaderCompilers: Display: Started 16 'Local' shader compile jobs with 'Low' priority
[2022.04.10-01.09.06:373][  0]LogInit: Display: Engine is initialized. Leaving FEngineLoop::Init()
[2022.04.10-01.09.06:381][  0]SourceControl: Source control is disabled
[2022.04.10-01.09.06:381][  0]LogUnrealEdMisc: Loading editor; pre map load, took 12.497
[2022.04.10-01.09.06:381][  0]Cmd: MAP LOAD FILE="C:/Users/joannehw/Desktop/arch_509_AT_projs/PhillipsHouse_Team/Content/VRTemplate/Maps/PhillipsHouse.umap" TEMPLATE=0 SHOWPROGRESS=1 FEATURELEVEL=3
[2022.04.10-01.09.06:382][  0]LightingResults: New page: Lighting Build
[2022.04.10-01.09.06:384][  0]LogWorld: UWorld::CleanupWorld for Untitled, bSessionEnded=true, bCleanupResources=true
[2022.04.10-01.09.06:384][  0]LogSlate: InvalidateAllWidgets triggered.  All widgets were invalidated
[2022.04.10-01.09.06:385][  0]MapCheck: New page: Map Check
[2022.04.10-01.09.06:385][  0]LightingResults: New page: Lighting Build
[2022.04.10-01.09.06:391][  0]LogAudio: Display: Audio Device unregistered from world 'None'.
[2022.04.10-01.09.06:395][  0]LogUObjectHash: Compacting FUObjectHashTables data took   1.25ms
[2022.04.10-01.09.07:397][  0]LogShaderCompilers: Display: Worker (7/21): shaders left to compile 51
[2022.04.10-01.09.07:397][  0]LogShaderCompilers: Display: Started 3 'Local' shader compile jobs with 'Low' priority
